Using pre-set license
Built from '2021.3/staging' branch; Version is '2021.3.22f1 (b6c551784ba3) revision 11978065'; Using compiler version '192829333'; Build Type 'Release'
OS: 'Windows 10  (10.0.19044) 64bit Professional' Language: 'ko' Physical Memory: 32655 MB
BatchMode: 1, IsHumanControllingUs: 0, StartBugReporterOnCrash: 0, Is64bit: 1, IsPro: 1

COMMAND LINE ARGUMENTS:
C:\Program Files\Unity\Hub\Editor\2021.3.22f1\Editor\Unity.exe
-adb2
-batchMode
-noUpm
-name
AssetImportWorker0
-projectPath
C:/Users/gltp5/Project_Panopticon_Demo
-logFile
Logs/AssetImportWorker0.log
-srvPort
58316
Successfully changed project path to: C:/Users/gltp5/Project_Panopticon_Demo
C:/Users/gltp5/Project_Panopticon_Demo
[UnityMemory] Configuration Parameters - Can be set up in boot.config
    "memorysetup-bucket-allocator-granularity=16"
    "memorysetup-bucket-allocator-bucket-count=8"
    "memorysetup-bucket-allocator-block-size=33554432"
    "memorysetup-bucket-allocator-block-count=8"
    "memorysetup-main-allocator-block-size=16777216"
    "memorysetup-thread-allocator-block-size=16777216"
    "memorysetup-gfx-main-allocator-block-size=16777216"
    "memorysetup-gfx-thread-allocator-block-size=16777216"
    "memorysetup-cache-allocator-block-size=4194304"
    "memorysetup-typetree-allocator-block-size=2097152"
    "memorysetup-profiler-bucket-allocator-granularity=16"
    "memorysetup-profiler-bucket-allocator-bucket-count=8"
    "memorysetup-profiler-bucket-allocator-block-size=33554432"
    "memorysetup-profiler-bucket-allocator-block-count=8"
    "memorysetup-profiler-allocator-block-size=16777216"
    "memorysetup-profiler-editor-allocator-block-size=1048576"
    "memorysetup-temp-allocator-size-main=16777216"
    "memorysetup-job-temp-allocator-block-size=2097152"
    "memorysetup-job-temp-allocator-block-size-background=1048576"
    "memorysetup-job-temp-allocator-reduction-small-platforms=262144"
    "memorysetup-temp-allocator-size-background-worker=32768"
    "memorysetup-temp-allocator-size-job-worker=262144"
    "memorysetup-temp-allocator-size-preload-manager=33554432"
    "memorysetup-temp-allocator-size-nav-mesh-worker=65536"
    "memorysetup-temp-allocator-size-audio-worker=65536"
    "memorysetup-temp-allocator-size-cloud-worker=32768"
    "memorysetup-temp-allocator-size-gi-baking-worker=262144"
    "memorysetup-temp-allocator-size-gfx=262144"
Player connection [19644] Host "[IP] 192.168.45.11 [Port] 0 [Flags] 2 [Guid] 2517293707 [EditorId] 2517293707 [Version] 1048832 [Id] WindowsEditor(7,DESKTOP-K46LT9I) [Debug] 1 [PackageName] WindowsEditor [ProjectName] Editor" joined multi-casting on [225.0.0.222:54997]...

Player connection [19644] Host "[IP] 192.168.45.11 [Port] 0 [Flags] 2 [Guid] 2517293707 [EditorId] 2517293707 [Version] 1048832 [Id] WindowsEditor(7,DESKTOP-K46LT9I) [Debug] 1 [PackageName] WindowsEditor [ProjectName] Editor" joined alternative multi-casting on [225.0.0.222:34997]...

Refreshing native plugins compatible for Editor in 81.79 ms, found 3 plugins.
Preloading 0 native plugins for Editor in 0.00 ms.
Initialize engine version: 2021.3.22f1 (b6c551784ba3)
[Subsystems] Discovering subsystems at path C:/Program Files/Unity/Hub/Editor/2021.3.22f1/Editor/Data/Resources/UnitySubsystems
[Subsystems] Discovering subsystems at path C:/Users/gltp5/Project_Panopticon_Demo/Assets
GfxDevice: creating device client; threaded=0; jobified=0
Direct3D:
    Version:  Direct3D 11.0 [level 11.1]
    Renderer: NVIDIA GeForce RTX 3070 Ti (ID=0x2482)
    Vendor:   NVIDIA
    VRAM:     8041 MB
    Driver:   31.0.15.1694
Initialize mono
Mono path[0] = 'C:/Program Files/Unity/Hub/Editor/2021.3.22f1/Editor/Data/Managed'
Mono path[1] = 'C:/Program Files/Unity/Hub/Editor/2021.3.22f1/Editor/Data/MonoBleedingEdge/lib/mono/unityjit-win32'
Mono config path = 'C:/Program Files/Unity/Hub/Editor/2021.3.22f1/Editor/Data/MonoBleedingEdge/etc'
Using monoOptions --debugger-agent=transport=dt_socket,embedding=1,server=y,suspend=n,address=127.0.0.1:56736
Begin MonoManager ReloadAssembly
Registering precompiled unity dll's ...
Register platform support module: C:/Program Files/Unity/Hub/Editor/2021.3.22f1/Editor/Data/PlaybackEngines/MacStandaloneSupport/UnityEditor.OSXStandalone.Extensions.dll
Register platform support module: C:/Program Files/Unity/Hub/Editor/2021.3.22f1/Editor/Data/PlaybackEngines/AndroidPlayer/UnityEditor.Android.Extensions.dll
Register platform support module: C:/Program Files/Unity/Hub/Editor/2021.3.22f1/Editor/Data/PlaybackEngines/iOSSupport/UnityEditor.iOS.Extensions.dll
Register platform support module: C:/Program Files/Unity/Hub/Editor/2021.3.22f1/Editor/Data/PlaybackEngines/WindowsStandaloneSupport/UnityEditor.WindowsStandalone.Extensions.dll
Registered in 0.008150 seconds.
Native extension for WindowsStandalone target not found
[usbmuxd] Start listen thread
[usbmuxd] Listen thread started
Native extension for iOS target not found
Native extension for Android target not found
Android Extension - Scanning For ADB Devices 182 ms
Native extension for OSXStandalone target not found
Refreshing native plugins compatible for Editor in 82.01 ms, found 3 plugins.
Preloading 0 native plugins for Editor in 0.00 ms.
Mono: successfully reloaded assembly
- Completed reload, in  0.676 seconds
Domain Reload Profiling:
	ReloadAssembly (677ms)
		BeginReloadAssembly (62ms)
			ExecutionOrderSort (0ms)
			DisableScriptedObjects (0ms)
			BackupInstance (0ms)
			ReleaseScriptingObjects (0ms)
			CreateAndSetChildDomain (1ms)
		EndReloadAssembly (539ms)
			LoadAssemblies (61ms)
			RebuildTransferFunctionScriptingTraits (0ms)
			SetupTypeCache (73ms)
			ReleaseScriptCaches (0ms)
			RebuildScriptCaches (18ms)
			SetupLoadedEditorAssemblies (410ms)
				LogAssemblyErrors (0ms)
				InitializePlatformSupportModulesInManaged (237ms)
				SetLoadedEditorAssemblies (0ms)
				RefreshPlugins (82ms)
				BeforeProcessingInitializeOnLoad (1ms)
				ProcessInitializeOnLoadAttributes (60ms)
				ProcessInitializeOnLoadMethodAttributes (29ms)
				AfterProcessingInitializeOnLoad (0ms)
				EditorAssembliesLoaded (0ms)
			ExecutionOrderSort2 (0ms)
			AwakeInstancesAfterBackupRestoration (0ms)
Platform modules already initialized, skipping
Registering precompiled user dll's ...
Registered in 0.005651 seconds.
Begin MonoManager ReloadAssembly
Symbol file LoadedFromMemory doesn't match image C:\Users\gltp5\Project_Panopticon_Demo\Library\PackageCache\com.unity.visualscripting@1.8.0\Editor\VisualScripting.Core\Dependencies\YamlDotNet\Unity.VisualScripting.YamlDotNet.dll
Symbol file LoadedFromMemory doesn't match image C:\Users\gltp5\Project_Panopticon_Demo\Library\PackageCache\com.unity.visualscripting@1.8.0\Editor\VisualScripting.Core\Dependencies\DotNetZip\Unity.VisualScripting.IonicZip.dll
Native extension for WindowsStandalone target not found
Native extension for iOS target not found
Native extension for Android target not found
Native extension for OSXStandalone target not found
Refreshing native plugins compatible for Editor in 83.53 ms, found 3 plugins.
Preloading 0 native plugins for Editor in 0.00 ms.
Mono: successfully reloaded assembly
- Completed reload, in  0.984 seconds
Domain Reload Profiling:
	ReloadAssembly (984ms)
		BeginReloadAssembly (89ms)
			ExecutionOrderSort (0ms)
			DisableScriptedObjects (4ms)
			BackupInstance (0ms)
			ReleaseScriptingObjects (0ms)
			CreateAndSetChildDomain (16ms)
		EndReloadAssembly (817ms)
			LoadAssemblies (70ms)
			RebuildTransferFunctionScriptingTraits (0ms)
			SetupTypeCache (170ms)
			ReleaseScriptCaches (1ms)
			RebuildScriptCaches (37ms)
			SetupLoadedEditorAssemblies (515ms)
				LogAssemblyErrors (0ms)
				InitializePlatformSupportModulesInManaged (21ms)
				SetLoadedEditorAssemblies (0ms)
				RefreshPlugins (84ms)
				BeforeProcessingInitializeOnLoad (70ms)
				ProcessInitializeOnLoadAttributes (288ms)
				ProcessInitializeOnLoadMethodAttributes (45ms)
				AfterProcessingInitializeOnLoad (7ms)
				EditorAssembliesLoaded (0ms)
			ExecutionOrderSort2 (0ms)
			AwakeInstancesAfterBackupRestoration (5ms)
Platform modules already initialized, skipping
========================================================================
Worker process is ready to serve import requests
Failed to load shader (instanceID 474, GUID 0f4122b9a743b744abe2fb6a0a88868b)
Failed to load shader (instanceID 548, GUID a16365e8c873daa4c94919438490b905)
Failed to load shader (instanceID 458, GUID 5caf62d8bd7c44596ace77ef9eb8ea31)
Failed to load shader (instanceID 550, GUID 9c442dc870b456e48b615cd8add0e9ef)
Failed to load shader (instanceID 552, GUID 77cfa04f893eb8745b6a454a3d51b43c)
Failed to load shader (instanceID 554, GUID 0d0f817524897904ba47a6a1d55e7668)
Failed to load shader (instanceID 480, GUID 69c1f799e772cb6438f56c23efccb782)
Failed to load shader (instanceID 460, GUID da07703fcc09f8d4799221050659bd55)
Failed to load shader (instanceID 556, GUID 2df96b66b5510f94b98df2ac6f926ef4)
Failed to load shader (instanceID 456, GUID 50b406436c6214c49aaaa6011b71dde8)
Failed to load shader (instanceID 558, GUID 4386e57b23a56004c93e1d57d2bbcb4f)
Failed to load shader (instanceID 560, GUID 95e15a77195eb574ab82aaac18b1c796)
Launched and connected shader compiler UnityShaderCompiler.exe after 0.03 seconds
Refreshing native plugins compatible for Editor in 1.00 ms, found 3 plugins.
Preloading 0 native plugins for Editor in 0.00 ms.
Unloading 4705 Unused Serialized files (Serialized files now loaded: 0)
Unloading 30 unused Assets / (500.4 KB). Loaded Objects now: 5169.
Memory consumption went from 190.5 MB to 190.0 MB.
Total: 3.193000 ms (FindLiveObjects: 0.288600 ms CreateObjectMapping: 0.176600 ms MarkObjects: 2.557300 ms  DeleteObjects: 0.169600 ms)

AssetImportParameters requested are different than current active one (requested -> active):
  custom:video-decoder-ogg-theora: a1e56fd34408186e4bbccfd4996cb3dc -> 
  custom:container-muxer-webm: aa71ff27fc2769a1b78a27578f13a17b -> 
  custom:container-demuxer-webm: 4f35f7cbe854078d1ac9338744f61a02 -> 
  custom:video-encoder-webm-vp8: eb34c28f22e8b96e1ab97ce403110664 -> 
  custom:audio-encoder-webm-vorbis: bf7c407c2cedff20999df2af8eb42d56 -> 
  custom:framework-win-MediaFoundation: 216162199b28c13a410421893ffa2e32 -> 
  custom:container-demuxer-ogg: 62fdf1f143b41e24485cea50d1cbac27 -> 
  custom:video-decoder-webm-vp8: 9c59270c3fd7afecdb556c50c9e8de78 -> 
  custom:audio-decoder-ogg-vorbis: bf7c407c2cedff20999df2af8eb42d56 -> 
========================================================================
Received Import Request.
  Time since last request: 28372.199566 seconds.
  path: Assets/Prefabs/Cell_Patient.prefab
  artifactKey: Guid(4356ec0c872ee9f479330c051ec00771) Importer(815301076,1909f56bfc062723c751e8b465ee728b)
Start importing Assets/Prefabs/Cell_Patient.prefab using Guid(4356ec0c872ee9f479330c051ec00771) Importer(815301076,1909f56bfc062723c751e8b465ee728b) Shader 'Universal Render Pipeline/Autodesk Interactive/AutodeskInteractive': fallback shader 'Hidden/Shader Graph/FallbackError' not found
Shader 'Universal Render Pipeline/Autodesk Interactive/AutodeskInteractiveTransparent': fallback shader 'Hidden/Shader Graph/FallbackError' not found
Shader 'Universal Render Pipeline/Autodesk Interactive/AutodeskInteractiveMasked': fallback shader 'Hidden/Shader Graph/FallbackError' not found
Shader 'Shader Graphs/Decal': fallback shader 'Hidden/Shader Graph/FallbackError' not found
 -> (artifact id: '98259a27614ef45cba3f559c60502f1f') in 0.192937 seconds 
========================================================================
Received Import Request.
  Time since last request: 100.140607 seconds.
  path: Assets/Prefabs/Cell_Stairs_DOWN.prefab
  artifactKey: Guid(d0bd321b73f45714096097e49c85bc44) Importer(815301076,1909f56bfc062723c751e8b465ee728b)
Start importing Assets/Prefabs/Cell_Stairs_DOWN.prefab using Guid(d0bd321b73f45714096097e49c85bc44) Importer(815301076,1909f56bfc062723c751e8b465ee728b)  -> (artifact id: '324671170e3d569fb47830afd3e31eea') in 0.015588 seconds 
========================================================================
Received Import Request.
  Time since last request: 0.761702 seconds.
  path: Assets/Prefabs/Cell_Stairs_DOWN.prefab
  artifactKey: Guid(d0bd321b73f45714096097e49c85bc44) Importer(815301076,1909f56bfc062723c751e8b465ee728b)
Start importing Assets/Prefabs/Cell_Stairs_DOWN.prefab using Guid(d0bd321b73f45714096097e49c85bc44) Importer(815301076,1909f56bfc062723c751e8b465ee728b)  -> (artifact id: 'b573b72e27cf70d7455a930ddf793f62') in 0.011712 seconds 
========================================================================
Received Import Request.
  Time since last request: 1.796949 seconds.
  path: Assets/Prefabs/Cell_Stairs_DOWN.prefab
  artifactKey: Guid(d0bd321b73f45714096097e49c85bc44) Importer(815301076,1909f56bfc062723c751e8b465ee728b)
Start importing Assets/Prefabs/Cell_Stairs_DOWN.prefab using Guid(d0bd321b73f45714096097e49c85bc44) Importer(815301076,1909f56bfc062723c751e8b465ee728b)  -> (artifact id: 'afcb82f7705cdcbed07327545cbe74d5') in 0.009349 seconds 
========================================================================
Received Import Request.
  Time since last request: 8.248235 seconds.
  path: Assets/Prefabs/Cell_Stairs_DOWN.prefab
  artifactKey: Guid(d0bd321b73f45714096097e49c85bc44) Importer(815301076,1909f56bfc062723c751e8b465ee728b)
Start importing Assets/Prefabs/Cell_Stairs_DOWN.prefab using Guid(d0bd321b73f45714096097e49c85bc44) Importer(815301076,1909f56bfc062723c751e8b465ee728b)  -> (artifact id: '32a0b5c6433a05a5761c4ec5cb87969b') in 0.010972 seconds 
========================================================================
Received Import Request.
  Time since last request: 5.321648 seconds.
  path: Assets/Prefabs/Cell_Stairs_DOWN.prefab
  artifactKey: Guid(d0bd321b73f45714096097e49c85bc44) Importer(815301076,1909f56bfc062723c751e8b465ee728b)
Start importing Assets/Prefabs/Cell_Stairs_DOWN.prefab using Guid(d0bd321b73f45714096097e49c85bc44) Importer(815301076,1909f56bfc062723c751e8b465ee728b)  -> (artifact id: 'dd054c7998aa2f6ebd8274f5fc9580ea') in 0.010027 seconds 
========================================================================
Received Import Request.
  Time since last request: 23.553961 seconds.
  path: Assets/Prefabs/Cell_Stairs_UP.prefab
  artifactKey: Guid(9cc89dd63235b6a4a8d6f914f1fc6173) Importer(815301076,1909f56bfc062723c751e8b465ee728b)
Start importing Assets/Prefabs/Cell_Stairs_UP.prefab using Guid(9cc89dd63235b6a4a8d6f914f1fc6173) Importer(815301076,1909f56bfc062723c751e8b465ee728b)  -> (artifact id: '50507653ca14d77ad0c9bc11521c4a1b') in 0.015672 seconds 
========================================================================
Received Import Request.
  Time since last request: 11329.189934 seconds.
  path: Assets/Prefabs/Cell_Patient.prefab
  artifactKey: Guid(4356ec0c872ee9f479330c051ec00771) Importer(815301076,1909f56bfc062723c751e8b465ee728b)
Start importing Assets/Prefabs/Cell_Patient.prefab using Guid(4356ec0c872ee9f479330c051ec00771) Importer(815301076,1909f56bfc062723c751e8b465ee728b)  -> (artifact id: '8779c3b204a755e5cc674a1029096892') in 0.020262 seconds 
========================================================================
Received Import Request.
  Time since last request: 18.086515 seconds.
  path: Assets/Prefabs/Cell_Patient.prefab
  artifactKey: Guid(4356ec0c872ee9f479330c051ec00771) Importer(815301076,1909f56bfc062723c751e8b465ee728b)
Start importing Assets/Prefabs/Cell_Patient.prefab using Guid(4356ec0c872ee9f479330c051ec00771) Importer(815301076,1909f56bfc062723c751e8b465ee728b)  -> (artifact id: '5e2e64c6d28dbd229b36c5e66f3c571f') in 0.010303 seconds 
========================================================================
Received Import Request.
  Time since last request: 11.458486 seconds.
  path: Assets/Prefabs/Cell_Patient.prefab
  artifactKey: Guid(4356ec0c872ee9f479330c051ec00771) Importer(815301076,1909f56bfc062723c751e8b465ee728b)
Start importing Assets/Prefabs/Cell_Patient.prefab using Guid(4356ec0c872ee9f479330c051ec00771) Importer(815301076,1909f56bfc062723c751e8b465ee728b)  -> (artifact id: 'bba03f47f21530e32d8a6e74b1de51df') in 0.014693 seconds 
========================================================================
Received Import Request.
  Time since last request: 7.122268 seconds.
  path: Assets/Prefabs/Cell_Patient.prefab
  artifactKey: Guid(4356ec0c872ee9f479330c051ec00771) Importer(815301076,1909f56bfc062723c751e8b465ee728b)
Start importing Assets/Prefabs/Cell_Patient.prefab using Guid(4356ec0c872ee9f479330c051ec00771) Importer(815301076,1909f56bfc062723c751e8b465ee728b)  -> (artifact id: 'ae9f63d50571b12bc8b0f744edfeaa92') in 0.009695 seconds 
========================================================================
Received Import Request.
  Time since last request: 2.597368 seconds.
  path: Assets/Prefabs/Cell_Patient.prefab
  artifactKey: Guid(4356ec0c872ee9f479330c051ec00771) Importer(815301076,1909f56bfc062723c751e8b465ee728b)
Start importing Assets/Prefabs/Cell_Patient.prefab using Guid(4356ec0c872ee9f479330c051ec00771) Importer(815301076,1909f56bfc062723c751e8b465ee728b)  -> (artifact id: '68a0515c799705e92afc92524cc064fc') in 0.009850 seconds 
========================================================================
Received Import Request.
  Time since last request: 84.499713 seconds.
  path: Assets/Prefabs/Cell_Patient.prefab
  artifactKey: Guid(4356ec0c872ee9f479330c051ec00771) Importer(815301076,1909f56bfc062723c751e8b465ee728b)
Start importing Assets/Prefabs/Cell_Patient.prefab using Guid(4356ec0c872ee9f479330c051ec00771) Importer(815301076,1909f56bfc062723c751e8b465ee728b)  -> (artifact id: '137111d577495f3ccb20fd940925eb29') in 0.010158 seconds 
========================================================================
Received Import Request.
  Time since last request: 16.508828 seconds.
  path: Assets/Prefabs/Cell_Patient.prefab
  artifactKey: Guid(4356ec0c872ee9f479330c051ec00771) Importer(815301076,1909f56bfc062723c751e8b465ee728b)
Start importing Assets/Prefabs/Cell_Patient.prefab using Guid(4356ec0c872ee9f479330c051ec00771) Importer(815301076,1909f56bfc062723c751e8b465ee728b)  -> (artifact id: 'ea6e1c494bec6012aad21631bd84055e') in 0.009888 seconds 
========================================================================
Received Import Request.
  Time since last request: 17.673661 seconds.
  path: Assets/Prefabs/Cell_Patient.prefab
  artifactKey: Guid(4356ec0c872ee9f479330c051ec00771) Importer(815301076,1909f56bfc062723c751e8b465ee728b)
Start importing Assets/Prefabs/Cell_Patient.prefab using Guid(4356ec0c872ee9f479330c051ec00771) Importer(815301076,1909f56bfc062723c751e8b465ee728b)  -> (artifact id: '73d7718f8ae2e58d81ee01814f8a1e63') in 0.009850 seconds 
========================================================================
Received Import Request.
  Time since last request: 31.329155 seconds.
  path: Assets/Prefabs/Cell_Patient.prefab
  artifactKey: Guid(4356ec0c872ee9f479330c051ec00771) Importer(815301076,1909f56bfc062723c751e8b465ee728b)
Start importing Assets/Prefabs/Cell_Patient.prefab using Guid(4356ec0c872ee9f479330c051ec00771) Importer(815301076,1909f56bfc062723c751e8b465ee728b)  -> (artifact id: '94442f015bb0f884bc64a3b2eac4754b') in 0.010232 seconds 
========================================================================
Received Import Request.
  Time since last request: 14.249014 seconds.
  path: Assets/Prefabs/Cell_Patient.prefab
  artifactKey: Guid(4356ec0c872ee9f479330c051ec00771) Importer(815301076,1909f56bfc062723c751e8b465ee728b)
Start importing Assets/Prefabs/Cell_Patient.prefab using Guid(4356ec0c872ee9f479330c051ec00771) Importer(815301076,1909f56bfc062723c751e8b465ee728b)  -> (artifact id: 'bfe6cfe3eb58b4dc0e8ed817d86d2ed8') in 0.009861 seconds 
========================================================================
Received Import Request.
  Time since last request: 52.097599 seconds.
  path: Assets/Prefabs/Cell_Patient.prefab
  artifactKey: Guid(4356ec0c872ee9f479330c051ec00771) Importer(815301076,1909f56bfc062723c751e8b465ee728b)
Start importing Assets/Prefabs/Cell_Patient.prefab using Guid(4356ec0c872ee9f479330c051ec00771) Importer(815301076,1909f56bfc062723c751e8b465ee728b)  -> (artifact id: 'aa06201f9555825fd3a7fb170ce0c8be') in 0.009628 seconds 
========================================================================
Received Import Request.
  Time since last request: 29.336732 seconds.
  path: Assets/Prefabs/Cell_Patient.prefab
  artifactKey: Guid(4356ec0c872ee9f479330c051ec00771) Importer(815301076,1909f56bfc062723c751e8b465ee728b)
Start importing Assets/Prefabs/Cell_Patient.prefab using Guid(4356ec0c872ee9f479330c051ec00771) Importer(815301076,1909f56bfc062723c751e8b465ee728b)  -> (artifact id: '11122982b6f28f9f4491949e98ae6900') in 0.009805 seconds 
========================================================================
Received Import Request.
  Time since last request: 33.607177 seconds.
  path: Assets/PolygonTown/Models
  artifactKey: Guid(60d8738d55d6bf348839ec49d1589f6b) Importer(815301076,1909f56bfc062723c751e8b465ee728b)
Start importing Assets/PolygonTown/Models using Guid(60d8738d55d6bf348839ec49d1589f6b) Importer(815301076,1909f56bfc062723c751e8b465ee728b)  -> (artifact id: '3bfc6a6e906b550617dd3bfc72d5357e') in 0.007038 seconds 
========================================================================
Received Import Request.
  Time since last request: 7.420516 seconds.
  path: Assets/PolygonPrototype/Prefabs/Props
  artifactKey: Guid(769a3cd464309354fb7597310c87ca35) Importer(815301076,1909f56bfc062723c751e8b465ee728b)
Start importing Assets/PolygonPrototype/Prefabs/Props using Guid(769a3cd464309354fb7597310c87ca35) Importer(815301076,1909f56bfc062723c751e8b465ee728b)  -> (artifact id: '748667c6f80d617f5aacd8c066e02fa6') in 0.006407 seconds 
========================================================================
Received Import Request.
  Time since last request: 0.060857 seconds.
  path: Assets/PolygonPrototype/Prefabs/Props/SM_Prop_Barrel_01.prefab
  artifactKey: Guid(f750d5f061e724f4c827ab6b376e2550) Importer(815301076,1909f56bfc062723c751e8b465ee728b)
Start importing Assets/PolygonPrototype/Prefabs/Props/SM_Prop_Barrel_01.prefab using Guid(f750d5f061e724f4c827ab6b376e2550) Importer(815301076,1909f56bfc062723c751e8b465ee728b)  -> (artifact id: '78cacd767a504ea32fdd80ae9fb40064') in 0.019739 seconds 
========================================================================
Received Import Request.
  Time since last request: 0.007523 seconds.
  path: Assets/PolygonPrototype/Prefabs/Props/SM_Prop_BoostPad_01.prefab
  artifactKey: Guid(e7f62efc22b4ee04e9e10cc8ac24fac2) Importer(815301076,1909f56bfc062723c751e8b465ee728b)
Start importing Assets/PolygonPrototype/Prefabs/Props/SM_Prop_BoostPad_01.prefab using Guid(e7f62efc22b4ee04e9e10cc8ac24fac2) Importer(815301076,1909f56bfc062723c751e8b465ee728b)  -> (artifact id: 'ca8deefaac67e562d52e42db43216ed9') in 0.016686 seconds 
========================================================================
Received Import Request.
  Time since last request: 0.000017 seconds.
  path: Assets/PolygonPrototype/Prefabs/Props/SM_Prop_C4_01.prefab
  artifactKey: Guid(776a3a4c08c9c444f9572fa80fb828d9) Importer(815301076,1909f56bfc062723c751e8b465ee728b)
Start importing Assets/PolygonPrototype/Prefabs/Props/SM_Prop_C4_01.prefab using Guid(776a3a4c08c9c444f9572fa80fb828d9) Importer(815301076,1909f56bfc062723c751e8b465ee728b)  -> (artifact id: '789279f57e7aa6accc9879ebef93922d') in 0.015080 seconds 
========================================================================
Received Import Request.
  Time since last request: 0.000015 seconds.
  path: Assets/PolygonPrototype/Prefabs/Props/SM_Prop_Crate_03.prefab
  artifactKey: Guid(e082979a473bb914ab8af10a5d754993) Importer(815301076,1909f56bfc062723c751e8b465ee728b)
Start importing Assets/PolygonPrototype/Prefabs/Props/SM_Prop_Crate_03.prefab using Guid(e082979a473bb914ab8af10a5d754993) Importer(815301076,1909f56bfc062723c751e8b465ee728b)  -> (artifact id: 'a5c7899e2d00184b925bf18c14fd91e4') in 0.017536 seconds 
========================================================================
Received Import Request.
  Time since last request: 0.000015 seconds.
  path: Assets/PolygonPrototype/Prefabs/Props/SM_Prop_Pistol_01.prefab
  artifactKey: Guid(b017a00e018b1bc4f9ef2a84e5644a92) Importer(815301076,1909f56bfc062723c751e8b465ee728b)
Start importing Assets/PolygonPrototype/Prefabs/Props/SM_Prop_Pistol_01.prefab using Guid(b017a00e018b1bc4f9ef2a84e5644a92) Importer(815301076,1909f56bfc062723c751e8b465ee728b)  -> (artifact id: '990382ea95e21f2f4bf7adf6d9123e5a') in 0.014424 seconds 
========================================================================
Received Import Request.
  Time since last request: 0.000018 seconds.
  path: Assets/PolygonPrototype/Prefabs/Props/SM_Prop_Sword_01.prefab
  artifactKey: Guid(f124a282fc554ba40aabfad1c3f4d7a9) Importer(815301076,1909f56bfc062723c751e8b465ee728b)
Start importing Assets/PolygonPrototype/Prefabs/Props/SM_Prop_Sword_01.prefab using Guid(f124a282fc554ba40aabfad1c3f4d7a9) Importer(815301076,1909f56bfc062723c751e8b465ee728b)  -> (artifact id: '983f282d61f564086c2f7f42b3de402e') in 0.014146 seconds 
========================================================================
Received Import Request.
  Time since last request: 0.000022 seconds.
  path: Assets/PolygonPrototype/Prefabs/Props/SM_Prop_Tree_Pine_02.prefab
  artifactKey: Guid(d5fadda3068c73c4188ca488912729dd) Importer(815301076,1909f56bfc062723c751e8b465ee728b)
Start importing Assets/PolygonPrototype/Prefabs/Props/SM_Prop_Tree_Pine_02.prefab using Guid(d5fadda3068c73c4188ca488912729dd) Importer(815301076,1909f56bfc062723c751e8b465ee728b)  -> (artifact id: '0abc2512d128c618c59e20dd38641a27') in 0.013740 seconds 
========================================================================
Received Import Request.
  Time since last request: 0.000015 seconds.
  path: Assets/PolygonPrototype/Prefabs/Props/SM_Prop_Tree_Round_02.prefab
  artifactKey: Guid(6d768ed8c1941594aa52e683be1a33f7) Importer(815301076,1909f56bfc062723c751e8b465ee728b)
Start importing Assets/PolygonPrototype/Prefabs/Props/SM_Prop_Tree_Round_02.prefab using Guid(6d768ed8c1941594aa52e683be1a33f7) Importer(815301076,1909f56bfc062723c751e8b465ee728b)  -> (artifact id: '7258291ac78a7e7f7a60a90ed0f31b5e') in 0.013620 seconds 
========================================================================
Received Import Request.
  Time since last request: 0.000016 seconds.
  path: Assets/PolygonPrototype/Prefabs/Props/SM_Switch_Lever_02.prefab
  artifactKey: Guid(d5d61a4685dd27a44a073035757d4ebf) Importer(815301076,1909f56bfc062723c751e8b465ee728b)
Start importing Assets/PolygonPrototype/Prefabs/Props/SM_Switch_Lever_02.prefab using Guid(d5d61a4685dd27a44a073035757d4ebf) Importer(815301076,1909f56bfc062723c751e8b465ee728b)  -> (artifact id: 'ab12cf78d52a2f73c23fb7947b18924e') in 0.016767 seconds 
========================================================================
Received Import Request.
  Time since last request: 0.000019 seconds.
  path: Assets/PolygonPrototype/Prefabs/Props/SM_Switch_Button_01.prefab
  artifactKey: Guid(9d33c5200c013c44fad933a9dcd21b2c) Importer(815301076,1909f56bfc062723c751e8b465ee728b)
Start importing Assets/PolygonPrototype/Prefabs/Props/SM_Switch_Button_01.prefab using Guid(9d33c5200c013c44fad933a9dcd21b2c) Importer(815301076,1909f56bfc062723c751e8b465ee728b)  -> (artifact id: '7511103ee1e33327d76ddd29c5f5bd72') in 0.016613 seconds 
========================================================================
Received Import Request.
  Time since last request: 0.000016 seconds.
  path: Assets/PolygonPrototype/Prefabs/Props/SM_Prop_Tree_Round_01.prefab
  artifactKey: Guid(6796c808204bd0d448c1f3bf10a57ad6) Importer(815301076,1909f56bfc062723c751e8b465ee728b)
Start importing Assets/PolygonPrototype/Prefabs/Props/SM_Prop_Tree_Round_01.prefab using Guid(6796c808204bd0d448c1f3bf10a57ad6) Importer(815301076,1909f56bfc062723c751e8b465ee728b)  -> (artifact id: 'e73930ea33643d2d92caff44a4b05656') in 0.016304 seconds 
========================================================================
Received Import Request.
  Time since last request: 0.000020 seconds.
  path: Assets/PolygonPrototype/Prefabs/Props/SM_Switch_Button_02.prefab
  artifactKey: Guid(a5bbe08e8d4661845bb71068b601744c) Importer(815301076,1909f56bfc062723c751e8b465ee728b)
Start importing Assets/PolygonPrototype/Prefabs/Props/SM_Switch_Button_02.prefab using Guid(a5bbe08e8d4661845bb71068b601744c) Importer(815301076,1909f56bfc062723c751e8b465ee728b)  -> (artifact id: '990fbb672717ffe09dee795aa25ee591') in 0.016220 seconds 
========================================================================
Received Import Request.
  Time since last request: 0.000017 seconds.
  path: Assets/PolygonPrototype/Prefabs/Props/SM_Prop_Vase_01.prefab
  artifactKey: Guid(631e0fedef72ee24fa49b2748b197947) Importer(815301076,1909f56bfc062723c751e8b465ee728b)
Start importing Assets/PolygonPrototype/Prefabs/Props/SM_Prop_Vase_01.prefab using Guid(631e0fedef72ee24fa49b2748b197947) Importer(815301076,1909f56bfc062723c751e8b465ee728b)  -> (artifact id: 'd1a58379088ea6c90a5e213cb50adad6') in 0.017123 seconds 
========================================================================
Received Import Request.
  Time since last request: 0.000017 seconds.
  path: Assets/PolygonPrototype/Prefabs/Props/SM_Prop_Knife_01.prefab
  artifactKey: Guid(53288e2e44402a149a88a9c02ab0b18a) Importer(815301076,1909f56bfc062723c751e8b465ee728b)
Start importing Assets/PolygonPrototype/Prefabs/Props/SM_Prop_Knife_01.prefab using Guid(53288e2e44402a149a88a9c02ab0b18a) Importer(815301076,1909f56bfc062723c751e8b465ee728b)  -> (artifact id: '7b95162d8ffaad50d353552799c3e8d2') in 0.017091 seconds 
========================================================================
Received Import Request.
  Time since last request: 0.000019 seconds.
  path: Assets/PolygonPrototype/Prefabs/Props/SM_Prop_FlagPole_01.prefab
  artifactKey: Guid(263b034a7fd811c40a36ebbe4c1709f7) Importer(815301076,1909f56bfc062723c751e8b465ee728b)
Start importing Assets/PolygonPrototype/Prefabs/Props/SM_Prop_FlagPole_01.prefab using Guid(263b034a7fd811c40a36ebbe4c1709f7) Importer(815301076,1909f56bfc062723c751e8b465ee728b)  -> (artifact id: '112adcd44399bcbabe06f1ae0b28d43d') in 0.019235 seconds 
========================================================================
Received Import Request.
  Time since last request: 0.000020 seconds.
  path: Assets/PolygonPrototype/Prefabs/Props/SM_Prop_Crate_Question_01.prefab
  artifactKey: Guid(d19c36dc5f97d444fa54380cf09bd828) Importer(815301076,1909f56bfc062723c751e8b465ee728b)
Start importing Assets/PolygonPrototype/Prefabs/Props/SM_Prop_Crate_Question_01.prefab using Guid(d19c36dc5f97d444fa54380cf09bd828) Importer(815301076,1909f56bfc062723c751e8b465ee728b)  -> (artifact id: '91d2189578e7a58e864435306fc6ce18') in 0.017769 seconds 
========================================================================
Received Import Request.
  Time since last request: 0.000020 seconds.
  path: Assets/PolygonPrototype/Prefabs/Props/SM_Prop_Pipe_03.prefab
  artifactKey: Guid(346845f0154817c4297d6af7c695b28a) Importer(815301076,1909f56bfc062723c751e8b465ee728b)
Start importing Assets/PolygonPrototype/Prefabs/Props/SM_Prop_Pipe_03.prefab using Guid(346845f0154817c4297d6af7c695b28a) Importer(815301076,1909f56bfc062723c751e8b465ee728b)  -> (artifact id: '1664c4e1f19e00c840663fba9ea7c38e') in 0.016733 seconds 
========================================================================
Received Import Request.
  Time since last request: 0.000025 seconds.
  path: Assets/PolygonPrototype/Prefabs/Props/SM_Prop_WoodPlank_01.prefab
  artifactKey: Guid(7affb776ee83c8e4c8d7ab25aff32905) Importer(815301076,1909f56bfc062723c751e8b465ee728b)
Start importing Assets/PolygonPrototype/Prefabs/Props/SM_Prop_WoodPlank_01.prefab using Guid(7affb776ee83c8e4c8d7ab25aff32905) Importer(815301076,1909f56bfc062723c751e8b465ee728b)  -> (artifact id: '5be8d00ea80bc9b19a656a2878839219') in 0.016522 seconds 
========================================================================
Received Import Request.
  Time since last request: 0.000018 seconds.
  path: Assets/PolygonPrototype/Prefabs/Props/SM_Switch_Lever_01.prefab
  artifactKey: Guid(5aff92d86b7d0414eafac6008907e5f4) Importer(815301076,1909f56bfc062723c751e8b465ee728b)
Start importing Assets/PolygonPrototype/Prefabs/Props/SM_Switch_Lever_01.prefab using Guid(5aff92d86b7d0414eafac6008907e5f4) Importer(815301076,1909f56bfc062723c751e8b465ee728b)  -> (artifact id: '789e1a834533fe4c8611a6ad591c6edf') in 0.017943 seconds 
========================================================================
Received Import Request.
  Time since last request: 0.000020 seconds.
  path: Assets/PolygonPrototype/Prefabs/Props/SM_Prop_MetalPlate_02.prefab
  artifactKey: Guid(082e2c0af8874a44dae3434e8d9bf93c) Importer(815301076,1909f56bfc062723c751e8b465ee728b)
Start importing Assets/PolygonPrototype/Prefabs/Props/SM_Prop_MetalPlate_02.prefab using Guid(082e2c0af8874a44dae3434e8d9bf93c) Importer(815301076,1909f56bfc062723c751e8b465ee728b)  -> (artifact id: '42f858d4d9f33293a57c83050e278cef') in 0.019150 seconds 
========================================================================
Received Import Request.
  Time since last request: 0.000020 seconds.
  path: Assets/PolygonPrototype/Prefabs/Props/SM_Prop_Pipe_Curve_01.prefab
  artifactKey: Guid(3f69af6bac8cc454aa0e1a8cb1d41ac8) Importer(815301076,1909f56bfc062723c751e8b465ee728b)
Start importing Assets/PolygonPrototype/Prefabs/Props/SM_Prop_Pipe_Curve_01.prefab using Guid(3f69af6bac8cc454aa0e1a8cb1d41ac8) Importer(815301076,1909f56bfc062723c751e8b465ee728b)  -> (artifact id: '9648045ad9eca837a7e4072272f76e85') in 0.017618 seconds 
========================================================================
Received Import Request.
  Time since last request: 0.000025 seconds.
  path: Assets/PolygonPrototype/Prefabs/Props/SM_Switch_Remote_01.prefab
  artifactKey: Guid(aca95b7144ebd9d43b90bd779762e272) Importer(815301076,1909f56bfc062723c751e8b465ee728b)
Start importing Assets/PolygonPrototype/Prefabs/Props/SM_Switch_Remote_01.prefab using Guid(aca95b7144ebd9d43b90bd779762e272) Importer(815301076,1909f56bfc062723c751e8b465ee728b)  -> (artifact id: '7f98548c248798b184b39fe39c07d680') in 0.017814 seconds 
========================================================================
Received Import Request.
  Time since last request: 0.000019 seconds.
  path: Assets/PolygonPrototype/Prefabs/Props/SM_Prop_Cone_01.prefab
  artifactKey: Guid(517a8607e4b54054b9216e69695d6e53) Importer(815301076,1909f56bfc062723c751e8b465ee728b)
Start importing Assets/PolygonPrototype/Prefabs/Props/SM_Prop_Cone_01.prefab using Guid(517a8607e4b54054b9216e69695d6e53) Importer(815301076,1909f56bfc062723c751e8b465ee728b)  -> (artifact id: '8dca29dbb020d3c5b29607426656c6db') in 0.015387 seconds 
========================================================================
Received Import Request.
  Time since last request: 0.000019 seconds.
  path: Assets/PolygonPrototype/Prefabs/Props/SM_Prop_Crate_Exclamation_01.prefab
  artifactKey: Guid(7094eb5fc31a84847a29440d1ce60ec6) Importer(815301076,1909f56bfc062723c751e8b465ee728b)
Start importing Assets/PolygonPrototype/Prefabs/Props/SM_Prop_Crate_Exclamation_01.prefab using Guid(7094eb5fc31a84847a29440d1ce60ec6) Importer(815301076,1909f56bfc062723c751e8b465ee728b)  -> (artifact id: 'bc7c38d32dc0f8ad0447ddaab5625ae1') in 0.017216 seconds 
========================================================================
Received Import Request.
  Time since last request: 0.000016 seconds.
  path: Assets/PolygonPrototype/Prefabs/Props/SM_Prop_Pipe_Curve_02.prefab
  artifactKey: Guid(f643a3f3b0194c441969caf694be2643) Importer(815301076,1909f56bfc062723c751e8b465ee728b)
Start importing Assets/PolygonPrototype/Prefabs/Props/SM_Prop_Pipe_Curve_02.prefab using Guid(f643a3f3b0194c441969caf694be2643) Importer(815301076,1909f56bfc062723c751e8b465ee728b)  -> (artifact id: '700768be4d718c687180ef72275da4fc') in 0.017654 seconds 
========================================================================
Received Import Request.
  Time since last request: 0.000018 seconds.
  path: Assets/PolygonPrototype/Prefabs/Props/SM_Prop_Crate_02.prefab
  artifactKey: Guid(21b750dc08701d74581686df5b328359) Importer(815301076,1909f56bfc062723c751e8b465ee728b)
Start importing Assets/PolygonPrototype/Prefabs/Props/SM_Prop_Crate_02.prefab using Guid(21b750dc08701d74581686df5b328359) Importer(815301076,1909f56bfc062723c751e8b465ee728b)  -> (artifact id: '19cef903ce6add9d05d40f4389c9ad1d') in 0.016573 seconds 
========================================================================
Received Import Request.
  Time since last request: 0.000021 seconds.
  path: Assets/PolygonPrototype/Prefabs/Props/SM_Prop_Tree_Bush_01.prefab
  artifactKey: Guid(49b9066be53e5314798b57987364d700) Importer(815301076,1909f56bfc062723c751e8b465ee728b)
Start importing Assets/PolygonPrototype/Prefabs/Props/SM_Prop_Tree_Bush_01.prefab using Guid(49b9066be53e5314798b57987364d700) Importer(815301076,1909f56bfc062723c751e8b465ee728b)  -> (artifact id: '729aaa655907119adcc54f15c0ac7da4') in 0.016746 seconds 
========================================================================
Received Import Request.
  Time since last request: 0.000021 seconds.
  path: Assets/PolygonPrototype/Prefabs/Props/SM_Prop_Tree_Square_01.prefab
  artifactKey: Guid(0c19a7133235cfa469f2fcae1a85fabf) Importer(815301076,1909f56bfc062723c751e8b465ee728b)
Start importing Assets/PolygonPrototype/Prefabs/Props/SM_Prop_Tree_Square_01.prefab using Guid(0c19a7133235cfa469f2fcae1a85fabf) Importer(815301076,1909f56bfc062723c751e8b465ee728b)  -> (artifact id: '751f77ac454622e42556514ed1a7a228') in 0.016251 seconds 
Editor requested this worker to shutdown with reason: Scaling down because of idle timeout
AssetImportWorker is now disconnected from the server
Process exiting
Exiting without the bug reporter. Application will terminate with return code 0