Using pre-set license
Built from '2021.3/staging' branch; Version is '2021.3.22f1 (b6c551784ba3) revision 11978065'; Using compiler version '192829333'; Build Type 'Release'
OS: 'Windows 10  (10.0.19044) 64bit Professional' Language: 'ko' Physical Memory: 32655 MB
BatchMode: 1, IsHumanControllingUs: 0, StartBugReporterOnCrash: 0, Is64bit: 1, IsPro: 1

COMMAND LINE ARGUMENTS:
C:\Program Files\Unity\Hub\Editor\2021.3.22f1\Editor\Unity.exe
-adb2
-batchMode
-noUpm
-name
AssetImportWorker2
-projectPath
C:/Users/gltp5/Project_Panopticon_Demo
-logFile
Logs/AssetImportWorker2.log
-srvPort
59000
Successfully changed project path to: C:/Users/gltp5/Project_Panopticon_Demo
C:/Users/gltp5/Project_Panopticon_Demo
[UnityMemory] Configuration Parameters - Can be set up in boot.config
    "memorysetup-bucket-allocator-granularity=16"
    "memorysetup-bucket-allocator-bucket-count=8"
    "memorysetup-bucket-allocator-block-size=33554432"
    "memorysetup-bucket-allocator-block-count=8"
    "memorysetup-main-allocator-block-size=16777216"
    "memorysetup-thread-allocator-block-size=16777216"
    "memorysetup-gfx-main-allocator-block-size=16777216"
    "memorysetup-gfx-thread-allocator-block-size=16777216"
    "memorysetup-cache-allocator-block-size=4194304"
    "memorysetup-typetree-allocator-block-size=2097152"
    "memorysetup-profiler-bucket-allocator-granularity=16"
    "memorysetup-profiler-bucket-allocator-bucket-count=8"
    "memorysetup-profiler-bucket-allocator-block-size=33554432"
    "memorysetup-profiler-bucket-allocator-block-count=8"
    "memorysetup-profiler-allocator-block-size=16777216"
    "memorysetup-profiler-editor-allocator-block-size=1048576"
    "memorysetup-temp-allocator-size-main=16777216"
    "memorysetup-job-temp-allocator-block-size=2097152"
    "memorysetup-job-temp-allocator-block-size-background=1048576"
    "memorysetup-job-temp-allocator-reduction-small-platforms=262144"
    "memorysetup-temp-allocator-size-background-worker=32768"
    "memorysetup-temp-allocator-size-job-worker=262144"
    "memorysetup-temp-allocator-size-preload-manager=33554432"
    "memorysetup-temp-allocator-size-nav-mesh-worker=65536"
    "memorysetup-temp-allocator-size-audio-worker=65536"
    "memorysetup-temp-allocator-size-cloud-worker=32768"
    "memorysetup-temp-allocator-size-gi-baking-worker=262144"
    "memorysetup-temp-allocator-size-gfx=262144"
Player connection [12396] Host "[IP] 192.168.45.11 [Port] 0 [Flags] 2 [Guid] 3805591521 [EditorId] 3805591521 [Version] 1048832 [Id] WindowsEditor(7,DESKTOP-K46LT9I) [Debug] 1 [PackageName] WindowsEditor [ProjectName] Editor" joined multi-casting on [225.0.0.222:54997]...

Player connection [12396] Host "[IP] 192.168.45.11 [Port] 0 [Flags] 2 [Guid] 3805591521 [EditorId] 3805591521 [Version] 1048832 [Id] WindowsEditor(7,DESKTOP-K46LT9I) [Debug] 1 [PackageName] WindowsEditor [ProjectName] Editor" joined alternative multi-casting on [225.0.0.222:34997]...

Refreshing native plugins compatible for Editor in 104.25 ms, found 3 plugins.
Preloading 0 native plugins for Editor in 0.00 ms.
Initialize engine version: 2021.3.22f1 (b6c551784ba3)
[Subsystems] Discovering subsystems at path C:/Program Files/Unity/Hub/Editor/2021.3.22f1/Editor/Data/Resources/UnitySubsystems
[Subsystems] Discovering subsystems at path C:/Users/gltp5/Project_Panopticon_Demo/Assets
GfxDevice: creating device client; threaded=0; jobified=0
Direct3D:
    Version:  Direct3D 11.0 [level 11.1]
    Renderer: NVIDIA GeForce RTX 3070 Ti (ID=0x2482)
    Vendor:   NVIDIA
    VRAM:     8041 MB
    Driver:   31.0.15.1694
Shader 'SyntyStudios/Prototype_Glass_Object_URP': fallback shader 'Hidden/Shader Graph/FallbackError' not found
Shader 'SyntyStudios/Prototype_Global_URP': fallback shader 'Hidden/Shader Graph/FallbackError' not found
Initialize mono
Mono path[0] = 'C:/Program Files/Unity/Hub/Editor/2021.3.22f1/Editor/Data/Managed'
Mono path[1] = 'C:/Program Files/Unity/Hub/Editor/2021.3.22f1/Editor/Data/MonoBleedingEdge/lib/mono/unityjit-win32'
Mono config path = 'C:/Program Files/Unity/Hub/Editor/2021.3.22f1/Editor/Data/MonoBleedingEdge/etc'
Using monoOptions --debugger-agent=transport=dt_socket,embedding=1,server=y,suspend=n,address=127.0.0.1:56036
Begin MonoManager ReloadAssembly
Registering precompiled unity dll's ...
Register platform support module: C:/Program Files/Unity/Hub/Editor/2021.3.22f1/Editor/Data/PlaybackEngines/MacStandaloneSupport/UnityEditor.OSXStandalone.Extensions.dll
Register platform support module: C:/Program Files/Unity/Hub/Editor/2021.3.22f1/Editor/Data/PlaybackEngines/AndroidPlayer/UnityEditor.Android.Extensions.dll
Register platform support module: C:/Program Files/Unity/Hub/Editor/2021.3.22f1/Editor/Data/PlaybackEngines/iOSSupport/UnityEditor.iOS.Extensions.dll
Register platform support module: C:/Program Files/Unity/Hub/Editor/2021.3.22f1/Editor/Data/PlaybackEngines/WindowsStandaloneSupport/UnityEditor.WindowsStandalone.Extensions.dll
Registered in 0.008305 seconds.
Native extension for WindowsStandalone target not found
[usbmuxd] Start listen thread
[usbmuxd] Listen thread started
Native extension for iOS target not found
Native extension for Android target not found
Android Extension - Scanning For ADB Devices 181 ms
Native extension for OSXStandalone target not found
Refreshing native plugins compatible for Editor in 81.20 ms, found 3 plugins.
Preloading 0 native plugins for Editor in 0.00 ms.
Mono: successfully reloaded assembly
- Completed reload, in  0.676 seconds
Domain Reload Profiling:
	ReloadAssembly (676ms)
		BeginReloadAssembly (61ms)
			ExecutionOrderSort (0ms)
			DisableScriptedObjects (0ms)
			BackupInstance (0ms)
			ReleaseScriptingObjects (0ms)
			CreateAndSetChildDomain (1ms)
		EndReloadAssembly (539ms)
			LoadAssemblies (60ms)
			RebuildTransferFunctionScriptingTraits (0ms)
			SetupTypeCache (73ms)
			ReleaseScriptCaches (0ms)
			RebuildScriptCaches (17ms)
			SetupLoadedEditorAssemblies (411ms)
				LogAssemblyErrors (0ms)
				InitializePlatformSupportModulesInManaged (237ms)
				SetLoadedEditorAssemblies (0ms)
				RefreshPlugins (81ms)
				BeforeProcessingInitializeOnLoad (1ms)
				ProcessInitializeOnLoadAttributes (61ms)
				ProcessInitializeOnLoadMethodAttributes (30ms)
				AfterProcessingInitializeOnLoad (0ms)
				EditorAssembliesLoaded (0ms)
			ExecutionOrderSort2 (0ms)
			AwakeInstancesAfterBackupRestoration (0ms)
Platform modules already initialized, skipping
Registering precompiled user dll's ...
Registered in 0.005624 seconds.
Begin MonoManager ReloadAssembly
Symbol file LoadedFromMemory doesn't match image C:\Users\gltp5\Project_Panopticon_Demo\Library\PackageCache\com.unity.visualscripting@1.8.0\Editor\VisualScripting.Core\Dependencies\YamlDotNet\Unity.VisualScripting.YamlDotNet.dll
Symbol file LoadedFromMemory doesn't match image C:\Users\gltp5\Project_Panopticon_Demo\Library\PackageCache\com.unity.visualscripting@1.8.0\Editor\VisualScripting.Core\Dependencies\DotNetZip\Unity.VisualScripting.IonicZip.dll
Native extension for WindowsStandalone target not found
Native extension for iOS target not found
Native extension for Android target not found
Native extension for OSXStandalone target not found
Refreshing native plugins compatible for Editor in 86.91 ms, found 3 plugins.
Preloading 0 native plugins for Editor in 0.00 ms.
Mono: successfully reloaded assembly
- Completed reload, in  1.005 seconds
Domain Reload Profiling:
	ReloadAssembly (1005ms)
		BeginReloadAssembly (88ms)
			ExecutionOrderSort (0ms)
			DisableScriptedObjects (4ms)
			BackupInstance (0ms)
			ReleaseScriptingObjects (0ms)
			CreateAndSetChildDomain (15ms)
		EndReloadAssembly (839ms)
			LoadAssemblies (69ms)
			RebuildTransferFunctionScriptingTraits (0ms)
			SetupTypeCache (177ms)
			ReleaseScriptCaches (1ms)
			RebuildScriptCaches (38ms)
			SetupLoadedEditorAssemblies (528ms)
				LogAssemblyErrors (0ms)
				InitializePlatformSupportModulesInManaged (23ms)
				SetLoadedEditorAssemblies (0ms)
				RefreshPlugins (87ms)
				BeforeProcessingInitializeOnLoad (71ms)
				ProcessInitializeOnLoadAttributes (294ms)
				ProcessInitializeOnLoadMethodAttributes (46ms)
				AfterProcessingInitializeOnLoad (7ms)
				EditorAssembliesLoaded (0ms)
			ExecutionOrderSort2 (0ms)
			AwakeInstancesAfterBackupRestoration (5ms)
Platform modules already initialized, skipping
========================================================================
Worker process is ready to serve import requests
Failed to load shader (instanceID 474, GUID 0f4122b9a743b744abe2fb6a0a88868b)
Failed to load shader (instanceID 548, GUID a16365e8c873daa4c94919438490b905)
Failed to load shader (instanceID 458, GUID 5caf62d8bd7c44596ace77ef9eb8ea31)
Failed to load shader (instanceID 550, GUID 9c442dc870b456e48b615cd8add0e9ef)
Failed to load shader (instanceID 552, GUID 77cfa04f893eb8745b6a454a3d51b43c)
Failed to load shader (instanceID 554, GUID 0d0f817524897904ba47a6a1d55e7668)
Failed to load shader (instanceID 480, GUID 69c1f799e772cb6438f56c23efccb782)
Failed to load shader (instanceID 460, GUID da07703fcc09f8d4799221050659bd55)
Failed to load shader (instanceID 556, GUID 2df96b66b5510f94b98df2ac6f926ef4)
Failed to load shader (instanceID 456, GUID 50b406436c6214c49aaaa6011b71dde8)
Failed to load shader (instanceID 558, GUID 4386e57b23a56004c93e1d57d2bbcb4f)
Failed to load shader (instanceID 560, GUID 95e15a77195eb574ab82aaac18b1c796)
Shader 'SyntyStudios/Prototype_Global_URP': fallback shader 'Hidden/Shader Graph/FallbackError' not found
Shader 'SyntyStudios/Prototype_Glass_Object_URP': fallback shader 'Hidden/Shader Graph/FallbackError' not found
Launched and connected shader compiler UnityShaderCompiler.exe after 0.03 seconds
Refreshing native plugins compatible for Editor in 0.98 ms, found 3 plugins.
Preloading 0 native plugins for Editor in 0.00 ms.
Unloading 4707 Unused Serialized files (Serialized files now loaded: 0)
Unloading 30 unused Assets / (499.7 KB). Loaded Objects now: 5171.
Memory consumption went from 191.8 MB to 191.3 MB.
Total: 3.142600 ms (FindLiveObjects: 0.267300 ms CreateObjectMapping: 0.169300 ms MarkObjects: 2.532700 ms  DeleteObjects: 0.172600 ms)

AssetImportParameters requested are different than current active one (requested -> active):
  custom:video-decoder-ogg-theora: a1e56fd34408186e4bbccfd4996cb3dc -> 
  custom:container-muxer-webm: aa71ff27fc2769a1b78a27578f13a17b -> 
  custom:container-demuxer-webm: 4f35f7cbe854078d1ac9338744f61a02 -> 
  custom:video-encoder-webm-vp8: eb34c28f22e8b96e1ab97ce403110664 -> 
  custom:audio-encoder-webm-vorbis: bf7c407c2cedff20999df2af8eb42d56 -> 
  custom:framework-win-MediaFoundation: 216162199b28c13a410421893ffa2e32 -> 
  custom:container-demuxer-ogg: 62fdf1f143b41e24485cea50d1cbac27 -> 
  custom:video-decoder-webm-vp8: 9c59270c3fd7afecdb556c50c9e8de78 -> 
  custom:audio-decoder-ogg-vorbis: bf7c407c2cedff20999df2af8eb42d56 -> 
========================================================================
Received Import Request.
  Time since last request: 76404.435922 seconds.
  path: Assets/Scenes/Panopticon_Demo.unity
  artifactKey: Guid(041695265b41678439ffcc6af8b7cb75) Importer(815301076,1909f56bfc062723c751e8b465ee728b)
Start importing Assets/Scenes/Panopticon_Demo.unity using Guid(041695265b41678439ffcc6af8b7cb75) Importer(815301076,1909f56bfc062723c751e8b465ee728b)  -> (artifact id: 'b571bf8dd043323e2cdc8f686da27f6c') in 0.015683 seconds 
========================================================================
Received Import Request.
  Time since last request: 197.021486 seconds.
  path: Assets/Prefabs/Cell_Patient 1.prefab
  artifactKey: Guid(92ac78ce0ff5df74cad6f3b4501da46a) Importer(815301076,1909f56bfc062723c751e8b465ee728b)
Start importing Assets/Prefabs/Cell_Patient 1.prefab using Guid(92ac78ce0ff5df74cad6f3b4501da46a) Importer(815301076,1909f56bfc062723c751e8b465ee728b) Shader 'Universal Render Pipeline/Autodesk Interactive/AutodeskInteractive': fallback shader 'Hidden/Shader Graph/FallbackError' not found
Shader 'Universal Render Pipeline/Autodesk Interactive/AutodeskInteractiveTransparent': fallback shader 'Hidden/Shader Graph/FallbackError' not found
Shader 'Universal Render Pipeline/Autodesk Interactive/AutodeskInteractiveMasked': fallback shader 'Hidden/Shader Graph/FallbackError' not found
Shader 'Shader Graphs/Decal': fallback shader 'Hidden/Shader Graph/FallbackError' not found
 -> (artifact id: '8f2dfd94ea2e14f37e5337a587de89c6') in 0.183876 seconds 
========================================================================
Received Import Request.
  Time since last request: 6.154760 seconds.
  path: Assets/Prefabs/Cell_Patient_Alert.prefab
  artifactKey: Guid(92ac78ce0ff5df74cad6f3b4501da46a) Importer(815301076,1909f56bfc062723c751e8b465ee728b)
Start importing Assets/Prefabs/Cell_Patient_Alert.prefab using Guid(92ac78ce0ff5df74cad6f3b4501da46a) Importer(815301076,1909f56bfc062723c751e8b465ee728b)  -> (artifact id: 'cfe782f41b137a3cef363c30f91bc044') in 0.016110 seconds 
========================================================================
Received Import Request.
  Time since last request: 11.145113 seconds.
  path: Assets/Prefabs/Cell_Patient_Alert.prefab
  artifactKey: Guid(92ac78ce0ff5df74cad6f3b4501da46a) Importer(815301076,1909f56bfc062723c751e8b465ee728b)
Start importing Assets/Prefabs/Cell_Patient_Alert.prefab using Guid(92ac78ce0ff5df74cad6f3b4501da46a) Importer(815301076,1909f56bfc062723c751e8b465ee728b)  -> (artifact id: '064eda95957038b03fc6809e9f8fea46') in 0.009711 seconds 
========================================================================
Received Import Request.
  Time since last request: 2.382293 seconds.
  path: Assets/Prefabs/Cell_Patient_Alert.prefab
  artifactKey: Guid(92ac78ce0ff5df74cad6f3b4501da46a) Importer(815301076,1909f56bfc062723c751e8b465ee728b)
Start importing Assets/Prefabs/Cell_Patient_Alert.prefab using Guid(92ac78ce0ff5df74cad6f3b4501da46a) Importer(815301076,1909f56bfc062723c751e8b465ee728b)  -> (artifact id: 'f1aeb25d6b7855183e202ff0e865cf54') in 0.011277 seconds 
========================================================================
Received Import Request.
  Time since last request: 9.053608 seconds.
  path: Assets/Prefabs/Cell_Patient_Alert.prefab
  artifactKey: Guid(92ac78ce0ff5df74cad6f3b4501da46a) Importer(815301076,1909f56bfc062723c751e8b465ee728b)
Start importing Assets/Prefabs/Cell_Patient_Alert.prefab using Guid(92ac78ce0ff5df74cad6f3b4501da46a) Importer(815301076,1909f56bfc062723c751e8b465ee728b)  -> (artifact id: '785e31ef0c3b4bfde6366b74f2da5428') in 0.009870 seconds 
