Unity Editor version:    2021.3.22f1 (b6c551784ba3)
Branch:                  2021.3/staging
Build type:              Release
Batch mode:              YES
macOS version:           Version 13.4.1 (Build 22F82)
Darwin version:          22.5.0
Architecture:            arm64
Running under Rosetta:   NO
Available memory:        16384 MB
Using pre-set license
Pro License: YES

COMMAND LINE ARGUMENTS:
/Applications/Unity/Hub/Editor/2021.3.22f1/Unity.app/Contents/MacOS/Unity
-adb2
-batchMode
-noUpm
-name
AssetImportWorker5
-projectPath
/Users/ishma/Project_Panopticon_Demo
-logFile
Logs/AssetImportWorker5.log
-srvPort
49227
Successfully changed project path to: /Users/ishma/Project_Panopticon_Demo
/Users/ishma/Project_Panopticon_Demo
[UnityMemory] Configuration Parameters - Can be set up in boot.config
    "memorysetup-bucket-allocator-granularity=16"
    "memorysetup-bucket-allocator-bucket-count=8"
    "memorysetup-bucket-allocator-block-size=33554432"
    "memorysetup-bucket-allocator-block-count=8"
    "memorysetup-main-allocator-block-size=16777216"
    "memorysetup-thread-allocator-block-size=16777216"
    "memorysetup-gfx-main-allocator-block-size=16777216"
    "memorysetup-gfx-thread-allocator-block-size=16777216"
    "memorysetup-cache-allocator-block-size=4194304"
    "memorysetup-typetree-allocator-block-size=2097152"
    "memorysetup-profiler-bucket-allocator-granularity=16"
    "memorysetup-profiler-bucket-allocator-bucket-count=8"
    "memorysetup-profiler-bucket-allocator-block-size=33554432"
    "memorysetup-profiler-bucket-allocator-block-count=8"
    "memorysetup-profiler-allocator-block-size=16777216"
    "memorysetup-profiler-editor-allocator-block-size=1048576"
    "memorysetup-temp-allocator-size-main=16777216"
    "memorysetup-job-temp-allocator-block-size=2097152"
    "memorysetup-job-temp-allocator-block-size-background=1048576"
    "memorysetup-job-temp-allocator-reduction-small-platforms=262144"
    "memorysetup-temp-allocator-size-background-worker=32768"
    "memorysetup-temp-allocator-size-job-worker=262144"
    "memorysetup-temp-allocator-size-preload-manager=33554432"
    "memorysetup-temp-allocator-size-nav-mesh-worker=65536"
    "memorysetup-temp-allocator-size-audio-worker=65536"
    "memorysetup-temp-allocator-size-cloud-worker=32768"
    "memorysetup-temp-allocator-size-gi-baking-worker=262144"
    "memorysetup-temp-allocator-size-gfx=262144"
Player connection [8390581760] Host "[IP] 172.20.10.4 [Port] 0 [Flags] 2 [Guid] 3637996316 [EditorId] 3637996316 [Version] 1048832 [Id] OSXEditor(0,iseogjaeui-noteubug.local) [Debug] 1 [PackageName] OSXEditor [ProjectName] Editor" joined multi-casting on [225.0.0.222:54997]...

Player connection [8390581760] Host "[IP] 172.20.10.4 [Port] 0 [Flags] 2 [Guid] 3637996316 [EditorId] 3637996316 [Version] 1048832 [Id] OSXEditor(0,iseogjaeui-noteubug.local) [Debug] 1 [PackageName] OSXEditor [ProjectName] Editor" joined alternative multi-casting on [225.0.0.222:34997]...

Refreshing native plugins compatible for Editor in 102.94 ms, found 2 plugins.
Preloading 0 native plugins for Editor in 0.00 ms.
Initialize engine version: 2021.3.22f1 (b6c551784ba3)
[Subsystems] Discovering subsystems at path /Applications/Unity/Hub/Editor/2021.3.22f1/Unity.app/Contents/Resources/UnitySubsystems
[Subsystems] Discovering subsystems at path /Users/ishma/Project_Panopticon_Demo/Assets
GfxDevice: creating device client; threaded=0; jobified=0
 preferred device: Apple M1 Pro (high power)
Metal devices available: 1
0: Apple M1 Pro (high power)
Using device Apple M1 Pro (high power)
Initializing Metal device caps: Apple M1 Pro
Shader 'SyntyStudios/Prototype_Glass_Object_URP': fallback shader 'Hidden/Shader Graph/FallbackError' not found
Shader 'SyntyStudios/Prototype_Global_URP': fallback shader 'Hidden/Shader Graph/FallbackError' not found
Initialize mono
Mono path[0] = '/Applications/Unity/Hub/Editor/2021.3.22f1/Unity.app/Contents/Managed'
Mono path[1] = '/Applications/Unity/Hub/Editor/2021.3.22f1/Unity.app/Contents/MonoBleedingEdge/lib/mono/unityjit-macos'
Mono config path = '/Applications/Unity/Hub/Editor/2021.3.22f1/Unity.app/Contents/MonoBleedingEdge/etc'
Using monoOptions --debugger-agent=transport=dt_socket,embedding=1,server=y,suspend=n,address=127.0.0.1:56824
Begin MonoManager ReloadAssembly
Registering precompiled unity dll's ...
Register platform support module: /Applications/Unity/Hub/Editor/2021.3.22f1/Unity.app/Contents/PlaybackEngines/MacStandaloneSupport/UnityEditor.OSXStandalone.Extensions.dll
Register platform support module: /Applications/Unity/Hub/Editor/2021.3.22f1/PlaybackEngines/AndroidPlayer/UnityEditor.Android.Extensions.dll
Register platform support module: /Applications/Unity/Hub/Editor/2021.3.22f1/PlaybackEngines/iOSSupport/UnityEditor.iOS.Extensions.dll
Register platform support module: /Applications/Unity/Hub/Editor/2021.3.22f1/PlaybackEngines/WindowsStandaloneSupport/UnityEditor.WindowsStandalone.Extensions.dll
Registered in 0.000761 seconds.
Native extension for WindowsStandalone target not found
[usbmuxd] Start listen thread
[usbmuxd] Listen thread started
[usbmuxd] Send listen message
Native extension for iOS target not found
Native extension for Android target not found
Android Extension - Scanning For ADB Devices 67 ms
Native extension for OSXStandalone target not found
Refreshing native plugins compatible for Editor in 89.91 ms, found 2 plugins.
Preloading 0 native plugins for Editor in 0.00 ms.
Mono: successfully reloaded assembly
- Completed reload, in  0.497 seconds
Domain Reload Profiling:
	ReloadAssembly (497ms)
		BeginReloadAssembly (36ms)
			ExecutionOrderSort (0ms)
			DisableScriptedObjects (0ms)
			BackupInstance (0ms)
			ReleaseScriptingObjects (0ms)
			CreateAndSetChildDomain (0ms)
		EndReloadAssembly (409ms)
			LoadAssemblies (36ms)
			RebuildTransferFunctionScriptingTraits (0ms)
			SetupTypeCache (65ms)
			ReleaseScriptCaches (0ms)
			RebuildScriptCaches (17ms)
			SetupLoadedEditorAssemblies (303ms)
				LogAssemblyErrors (0ms)
				InitializePlatformSupportModulesInManaged (152ms)
				SetLoadedEditorAssemblies (0ms)
				RefreshPlugins (90ms)
				BeforeProcessingInitializeOnLoad (1ms)
				ProcessInitializeOnLoadAttributes (40ms)
				ProcessInitializeOnLoadMethodAttributes (20ms)
				AfterProcessingInitializeOnLoad (0ms)
				EditorAssembliesLoaded (0ms)
			ExecutionOrderSort2 (0ms)
			AwakeInstancesAfterBackupRestoration (0ms)
Platform modules already initialized, skipping
Registering precompiled user dll's ...
Registered in 0.001431 seconds.
Begin MonoManager ReloadAssembly
Symbol file LoadedFromMemory doesn't match image /Users/ishma/Project_Panopticon_Demo/Library/PackageCache/com.unity.visualscripting@1.8.0/Editor/VisualScripting.Core/Dependencies/YamlDotNet/Unity.VisualScripting.YamlDotNet.dll
Symbol file LoadedFromMemory doesn't match image /Users/ishma/Project_Panopticon_Demo/Library/PackageCache/com.unity.visualscripting@1.8.0/Editor/VisualScripting.Core/Dependencies/DotNetZip/Unity.VisualScripting.IonicZip.dll
Native extension for WindowsStandalone target not found
Native extension for iOS target not found
Native extension for Android target not found
Native extension for OSXStandalone target not found
Refreshing native plugins compatible for Editor in 95.01 ms, found 2 plugins.
Preloading 0 native plugins for Editor in 0.00 ms.
Mono: successfully reloaded assembly
- Completed reload, in  0.739 seconds
Domain Reload Profiling:
	ReloadAssembly (739ms)
		BeginReloadAssembly (74ms)
			ExecutionOrderSort (0ms)
			DisableScriptedObjects (3ms)
			BackupInstance (0ms)
			ReleaseScriptingObjects (0ms)
			CreateAndSetChildDomain (19ms)
		EndReloadAssembly (603ms)
			LoadAssemblies (62ms)
			RebuildTransferFunctionScriptingTraits (0ms)
			SetupTypeCache (155ms)
			ReleaseScriptCaches (0ms)
			RebuildScriptCaches (34ms)
			SetupLoadedEditorAssemblies (335ms)
				LogAssemblyErrors (0ms)
				InitializePlatformSupportModulesInManaged (14ms)
				SetLoadedEditorAssemblies (0ms)
				RefreshPlugins (95ms)
				BeforeProcessingInitializeOnLoad (58ms)
				ProcessInitializeOnLoadAttributes (130ms)
				ProcessInitializeOnLoadMethodAttributes (37ms)
				AfterProcessingInitializeOnLoad (1ms)
				EditorAssembliesLoaded (0ms)
			ExecutionOrderSort2 (0ms)
			AwakeInstancesAfterBackupRestoration (2ms)
Platform modules already initialized, skipping
========================================================================
Worker process is ready to serve import requests
Failed to load shader (instanceID 474, GUID 0f4122b9a743b744abe2fb6a0a88868b)
Failed to load shader (instanceID 548, GUID a16365e8c873daa4c94919438490b905)
Failed to load shader (instanceID 458, GUID 5caf62d8bd7c44596ace77ef9eb8ea31)
Failed to load shader (instanceID 550, GUID 9c442dc870b456e48b615cd8add0e9ef)
Failed to load shader (instanceID 552, GUID 77cfa04f893eb8745b6a454a3d51b43c)
Failed to load shader (instanceID 554, GUID 0d0f817524897904ba47a6a1d55e7668)
Failed to load shader (instanceID 480, GUID 69c1f799e772cb6438f56c23efccb782)
Failed to load shader (instanceID 460, GUID da07703fcc09f8d4799221050659bd55)
Failed to load shader (instanceID 556, GUID 2df96b66b5510f94b98df2ac6f926ef4)
Failed to load shader (instanceID 456, GUID 50b406436c6214c49aaaa6011b71dde8)
Failed to load shader (instanceID 558, GUID 4386e57b23a56004c93e1d57d2bbcb4f)
Failed to load shader (instanceID 560, GUID 95e15a77195eb574ab82aaac18b1c796)
Shader 'SyntyStudios/Prototype_Global_URP': fallback shader 'Hidden/Shader Graph/FallbackError' not found
Shader 'SyntyStudios/Prototype_Glass_Object_URP': fallback shader 'Hidden/Shader Graph/FallbackError' not found
Launching external process: /Applications/Unity/Hub/Editor/2021.3.22f1/Unity.app/Contents/Tools/UnityShaderCompiler
Launched and connected shader compiler UnityShaderCompiler after 0.05 seconds
Refreshing native plugins compatible for Editor in 0.63 ms, found 2 plugins.
Preloading 0 native plugins for Editor in 0.00 ms.
Unloading 4708 Unused Serialized files (Serialized files now loaded: 0)
Unloading 30 unused Assets / (326.1 KB). Loaded Objects now: 5172.
Memory consumption went from 182.8 MB to 182.5 MB.
Total: 2.610875 ms (FindLiveObjects: 0.125042 ms CreateObjectMapping: 0.058291 ms MarkObjects: 2.282625 ms  DeleteObjects: 0.144167 ms)

AssetImportParameters requested are different than current active one (requested -> active):
  custom:video-decoder-ogg-theora: a1e56fd34408186e4bbccfd4996cb3dc -> 
  custom:container-muxer-webm: aa71ff27fc2769a1b78a27578f13a17b -> 
  custom:container-demuxer-webm: 4f35f7cbe854078d1ac9338744f61a02 -> 
  custom:video-encoder-webm-vp8: eb34c28f22e8b96e1ab97ce403110664 -> 
  custom:framework-osx-AVFoundation: e770b220cccbd017edd2c1fefb359320 -> 
  custom:audio-encoder-webm-vorbis: bf7c407c2cedff20999df2af8eb42d56 -> 
  custom:container-demuxer-ogg: 62fdf1f143b41e24485cea50d1cbac27 -> 
  custom:video-decoder-webm-vp8: 9c59270c3fd7afecdb556c50c9e8de78 -> 
  custom:audio-decoder-ogg-vorbis: bf7c407c2cedff20999df2af8eb42d56 -> 
========================================================================
Received Import Request.
  Time since last request: 5724.302670 seconds.
  path: Assets/PolygonTown/Models/Props/SM_Prop_Bed_Double_01.fbx
  artifactKey: Guid(1c59a30f72ccc474c834d6dfe2b3ed1f) Importer(815301076,1909f56bfc062723c751e8b465ee728b)
Start importing Assets/PolygonTown/Models/Props/SM_Prop_Bed_Double_01.fbx using Guid(1c59a30f72ccc474c834d6dfe2b3ed1f) Importer(815301076,1909f56bfc062723c751e8b465ee728b) Shader 'Universal Render Pipeline/Autodesk Interactive/AutodeskInteractive': fallback shader 'Hidden/Shader Graph/FallbackError' not found
Shader 'Universal Render Pipeline/Autodesk Interactive/AutodeskInteractiveTransparent': fallback shader 'Hidden/Shader Graph/FallbackError' not found
Shader 'Universal Render Pipeline/Autodesk Interactive/AutodeskInteractiveMasked': fallback shader 'Hidden/Shader Graph/FallbackError' not found
Shader 'Shader Graphs/Decal': fallback shader 'Hidden/Shader Graph/FallbackError' not found
 -> (artifact id: '49f9fb607cfd6268f500c4ad89457aeb') in 0.339162 seconds 
========================================================================
Received Import Request.
  Time since last request: 2.509834 seconds.
  path: Assets/PolygonTown/Models/Generic/SM_Generic_Cloud_03.fbx
  artifactKey: Guid(a32b5d34f0a8d46459fe830529c773ba) Importer(815301076,1909f56bfc062723c751e8b465ee728b)
Start importing Assets/PolygonTown/Models/Generic/SM_Generic_Cloud_03.fbx using Guid(a32b5d34f0a8d46459fe830529c773ba) Importer(815301076,1909f56bfc062723c751e8b465ee728b)  -> (artifact id: '5783774e43b2a827e2166a9bdf41a5be') in 0.012974 seconds 
========================================================================
Received Import Request.
  Time since last request: 0.000058 seconds.
  path: Assets/PolygonTown/Models/Generic/SM_Generic_Tree_02.fbx
  artifactKey: Guid(bbe1c95a2bfd1564dbb0cab5e9679440) Importer(815301076,1909f56bfc062723c751e8b465ee728b)
Start importing Assets/PolygonTown/Models/Generic/SM_Generic_Tree_02.fbx using Guid(bbe1c95a2bfd1564dbb0cab5e9679440) Importer(815301076,1909f56bfc062723c751e8b465ee728b)  -> (artifact id: '4e57f792de30857c423cadc8b251f205') in 0.012308 seconds 
========================================================================
Received Import Request.
  Time since last request: 0.000044 seconds.
  path: Assets/PolygonTown/Models/Generic/SM_Generic_Ocean_Tile_Flat_01.fbx
  artifactKey: Guid(3dca7809118579e4993f38b84d53ea3d) Importer(815301076,1909f56bfc062723c751e8b465ee728b)
Start importing Assets/PolygonTown/Models/Generic/SM_Generic_Ocean_Tile_Flat_01.fbx using Guid(3dca7809118579e4993f38b84d53ea3d) Importer(815301076,1909f56bfc062723c751e8b465ee728b)  -> (artifact id: '77b5b8d9c7133c9d10d618893488ef4e') in 0.015739 seconds 
========================================================================
Received Import Request.
  Time since last request: 0.000053 seconds.
  path: Assets/PolygonTown/Models/Generic/SM_Generic_Small_Rocks_02.fbx
  artifactKey: Guid(462145cf8ea340041b656797d48c9d35) Importer(815301076,1909f56bfc062723c751e8b465ee728b)
Start importing Assets/PolygonTown/Models/Generic/SM_Generic_Small_Rocks_02.fbx using Guid(462145cf8ea340041b656797d48c9d35) Importer(815301076,1909f56bfc062723c751e8b465ee728b)  -> (artifact id: '91900fbb5c95b9e15c23f5ff507899cb') in 0.010690 seconds 
========================================================================
Received Import Request.
  Time since last request: 0.000046 seconds.
  path: Assets/PolygonTown/Models/Generic/SM_Generic_Cloud_05.fbx
  artifactKey: Guid(756e21618488ee748970e3ab15e82cd2) Importer(815301076,1909f56bfc062723c751e8b465ee728b)
Start importing Assets/PolygonTown/Models/Generic/SM_Generic_Cloud_05.fbx using Guid(756e21618488ee748970e3ab15e82cd2) Importer(815301076,1909f56bfc062723c751e8b465ee728b)  -> (artifact id: 'ff4d21ade8458d174381ae361f754102') in 0.009131 seconds 
========================================================================
Received Import Request.
  Time since last request: 0.000048 seconds.
  path: Assets/PolygonTown/Models/Generic/SM_Generic_Tree_01.fbx
  artifactKey: Guid(6f48891674129ae468dc4704ceb1f8e1) Importer(815301076,1909f56bfc062723c751e8b465ee728b)
Start importing Assets/PolygonTown/Models/Generic/SM_Generic_Tree_01.fbx using Guid(6f48891674129ae468dc4704ceb1f8e1) Importer(815301076,1909f56bfc062723c751e8b465ee728b)  -> (artifact id: '5dd5b43ed6bc3838b0cac51765cdc513') in 0.010068 seconds 
========================================================================
Received Import Request.
  Time since last request: 0.000069 seconds.
  path: Assets/PolygonTown/Models/Generic/SM_Generic_Ocean_Tile_Bumps_01.fbx
  artifactKey: Guid(b27ff315e7e149e43aabf7a4e9ab5e45) Importer(815301076,1909f56bfc062723c751e8b465ee728b)
Start importing Assets/PolygonTown/Models/Generic/SM_Generic_Ocean_Tile_Bumps_01.fbx using Guid(b27ff315e7e149e43aabf7a4e9ab5e45) Importer(815301076,1909f56bfc062723c751e8b465ee728b)  -> (artifact id: '6efb56b73360b6e0e231a983f1f1638b') in 0.010437 seconds 
========================================================================
Received Import Request.
  Time since last request: 0.000048 seconds.
  path: Assets/PolygonTown/Models/Generic/SM_Generic_Small_Rocks_04.fbx
  artifactKey: Guid(c62270eef76d6f74fb2b63110540e674) Importer(815301076,1909f56bfc062723c751e8b465ee728b)
Start importing Assets/PolygonTown/Models/Generic/SM_Generic_Small_Rocks_04.fbx using Guid(c62270eef76d6f74fb2b63110540e674) Importer(815301076,1909f56bfc062723c751e8b465ee728b)  -> (artifact id: 'f0895e642ac8d40dc24216c11fdd1885') in 0.012714 seconds 
========================================================================
Received Import Request.
  Time since last request: 0.000045 seconds.
  path: Assets/PolygonTown/Models/Generic/SM_Generic_Small_Rocks_05.fbx
  artifactKey: Guid(ae4370a93f247544d8e5ec726e45c2da) Importer(815301076,1909f56bfc062723c751e8b465ee728b)
Start importing Assets/PolygonTown/Models/Generic/SM_Generic_Small_Rocks_05.fbx using Guid(ae4370a93f247544d8e5ec726e45c2da) Importer(815301076,1909f56bfc062723c751e8b465ee728b)  -> (artifact id: 'be193893e78f1be08272fb6843582b73') in 0.011386 seconds 
========================================================================
Received Import Request.
  Time since last request: 72.594752 seconds.
  path: Assets/PolygonPrototype/Prefabs/Buildings/Simple/SM_Buildings_Column_1x3_01.prefab
  artifactKey: Guid(4e4e9fccc8fbd2a4eacd86123002be3b) Importer(815301076,1909f56bfc062723c751e8b465ee728b)
Start importing Assets/PolygonPrototype/Prefabs/Buildings/Simple/SM_Buildings_Column_1x3_01.prefab using Guid(4e4e9fccc8fbd2a4eacd86123002be3b) Importer(815301076,1909f56bfc062723c751e8b465ee728b)  -> (artifact id: 'e62ffc1e54e498e99556f624dc817459') in 0.940627 seconds 
========================================================================
Received Import Request.
  Time since last request: 0.000059 seconds.
  path: Assets/PolygonPrototype/Prefabs/Buildings/Simple/SM_Buildings_Floor_5x5_01.prefab
  artifactKey: Guid(2e23bb932cf4ec7498eb4b727d9113fa) Importer(815301076,1909f56bfc062723c751e8b465ee728b)
Start importing Assets/PolygonPrototype/Prefabs/Buildings/Simple/SM_Buildings_Floor_5x5_01.prefab using Guid(2e23bb932cf4ec7498eb4b727d9113fa) Importer(815301076,1909f56bfc062723c751e8b465ee728b)  -> (artifact id: '8fe2f0f69bf0cde099d0dd5165bdb0fb') in 0.007208 seconds 
========================================================================
Received Import Request.
  Time since last request: 0.000054 seconds.
  path: Assets/PolygonPrototype/Prefabs/Buildings/Simple/SM_Buildings_Rail_5x1_01.prefab
  artifactKey: Guid(40ff65fe45ae72e4eb864aa6bdff55e2) Importer(815301076,1909f56bfc062723c751e8b465ee728b)
Start importing Assets/PolygonPrototype/Prefabs/Buildings/Simple/SM_Buildings_Rail_5x1_01.prefab using Guid(40ff65fe45ae72e4eb864aa6bdff55e2) Importer(815301076,1909f56bfc062723c751e8b465ee728b)  -> (artifact id: 'b9291fbab8a6feb8daa219e38961f8d7') in 0.010937 seconds 
========================================================================
Received Import Request.
  Time since last request: 0.000065 seconds.
  path: Assets/PolygonPrototype/Prefabs/Buildings/Simple/SM_Buildings_Column_2x3_01.prefab
  artifactKey: Guid(7a452e5924cd9994487b6bf6e78c5b14) Importer(815301076,1909f56bfc062723c751e8b465ee728b)
Start importing Assets/PolygonPrototype/Prefabs/Buildings/Simple/SM_Buildings_Column_2x3_01.prefab using Guid(7a452e5924cd9994487b6bf6e78c5b14) Importer(815301076,1909f56bfc062723c751e8b465ee728b)  -> (artifact id: '6c2ce842fdd722c09fa43b70c5daf7d5') in 0.008137 seconds 
========================================================================
Received Import Request.
  Time since last request: 0.000047 seconds.
  path: Assets/PolygonPrototype/Prefabs/Buildings/Simple/SM_Buildings_FloorInner_Curved_1x1_01.prefab
  artifactKey: Guid(a9ea1fa5ec93f8344a053893bcac2c49) Importer(815301076,1909f56bfc062723c751e8b465ee728b)
Start importing Assets/PolygonPrototype/Prefabs/Buildings/Simple/SM_Buildings_FloorInner_Curved_1x1_01.prefab using Guid(a9ea1fa5ec93f8344a053893bcac2c49) Importer(815301076,1909f56bfc062723c751e8b465ee728b)  -> (artifact id: '9240100e98556cf3f68ef37aeff7db93') in 0.011547 seconds 
========================================================================
Received Import Request.
  Time since last request: 0.000037 seconds.
  path: Assets/PolygonPrototype/Prefabs/Buildings/Simple/SM_Buildings_FloorCurved_1x1_01.prefab
  artifactKey: Guid(190081a0f0d9d614ba27275bebc1bf93) Importer(815301076,1909f56bfc062723c751e8b465ee728b)
Start importing Assets/PolygonPrototype/Prefabs/Buildings/Simple/SM_Buildings_FloorCurved_1x1_01.prefab using Guid(190081a0f0d9d614ba27275bebc1bf93) Importer(815301076,1909f56bfc062723c751e8b465ee728b)  -> (artifact id: '914491cddcfc7463cd5eee8d869859e9') in 0.006835 seconds 
========================================================================
Received Import Request.
  Time since last request: 0.000041 seconds.
  path: Assets/PolygonPrototype/Prefabs/Buildings/Simple/SM_Buildings_FloorHole_2x2_01.prefab
  artifactKey: Guid(abd846bc06ca21940b72f199675c02fb) Importer(815301076,1909f56bfc062723c751e8b465ee728b)
Start importing Assets/PolygonPrototype/Prefabs/Buildings/Simple/SM_Buildings_FloorHole_2x2_01.prefab using Guid(abd846bc06ca21940b72f199675c02fb) Importer(815301076,1909f56bfc062723c751e8b465ee728b)  -> (artifact id: 'f3b62fb5f4c726c13e8b68ec6404e7f3') in 0.006152 seconds 
========================================================================
Received Import Request.
  Time since last request: 0.000048 seconds.
  path: Assets/PolygonPrototype/Prefabs/Buildings/Simple/SM_Buildings_FloorCurved_2x2_01.prefab
  artifactKey: Guid(d49c72aa3d3edd64d97225e4680cd857) Importer(815301076,1909f56bfc062723c751e8b465ee728b)
Start importing Assets/PolygonPrototype/Prefabs/Buildings/Simple/SM_Buildings_FloorCurved_2x2_01.prefab using Guid(d49c72aa3d3edd64d97225e4680cd857) Importer(815301076,1909f56bfc062723c751e8b465ee728b)  -> (artifact id: 'c55a4245b24bab9d2678943d7337c8b1') in 0.007433 seconds 
========================================================================
Received Import Request.
  Time since last request: 0.000037 seconds.
  path: Assets/PolygonPrototype/Prefabs/Buildings/Simple/SM_Buildings_FloorInner_Curved_5x5_01.prefab
  artifactKey: Guid(187d8d7f2fc3fed47b9386ba624d3eab) Importer(815301076,1909f56bfc062723c751e8b465ee728b)
Start importing Assets/PolygonPrototype/Prefabs/Buildings/Simple/SM_Buildings_FloorInner_Curved_5x5_01.prefab using Guid(187d8d7f2fc3fed47b9386ba624d3eab) Importer(815301076,1909f56bfc062723c751e8b465ee728b)  -> (artifact id: '6743d6f314d68f362d76152ac00d54b6') in 0.007468 seconds 
========================================================================
Received Import Request.
  Time since last request: 0.000038 seconds.
  path: Assets/PolygonPrototype/Prefabs/Buildings/Simple/SM_Buildings_FloorAngle_1x1_01.prefab
  artifactKey: Guid(9529b7af0a3038546b8cae1cfec48e43) Importer(815301076,1909f56bfc062723c751e8b465ee728b)
Start importing Assets/PolygonPrototype/Prefabs/Buildings/Simple/SM_Buildings_FloorAngle_1x1_01.prefab using Guid(9529b7af0a3038546b8cae1cfec48e43) Importer(815301076,1909f56bfc062723c751e8b465ee728b)  -> (artifact id: 'aa675ccdeaf09780dee70a42470e7dc5') in 0.007027 seconds 
========================================================================
Received Import Request.
  Time since last request: 10.428960 seconds.
  path: Assets/PolygonPrototype/Prefabs/Buildings/Simple/SM_Buildings_Ramp_40_1x1_01.prefab
  artifactKey: Guid(e55dfd2948f66194eb81471696b7fd01) Importer(815301076,1909f56bfc062723c751e8b465ee728b)
Start importing Assets/PolygonPrototype/Prefabs/Buildings/Simple/SM_Buildings_Ramp_40_1x1_01.prefab using Guid(e55dfd2948f66194eb81471696b7fd01) Importer(815301076,1909f56bfc062723c751e8b465ee728b)  -> (artifact id: 'e30bd69736a370f5aafd16ef03622826') in 0.011227 seconds 
========================================================================
Received Import Request.
  Time since last request: 0.000048 seconds.
  path: Assets/PolygonPrototype/Prefabs/Buildings/Simple/SM_Buildings_Ramp_45_1x1_01.prefab
  artifactKey: Guid(79ecc678a95687547a9794055ab348d1) Importer(815301076,1909f56bfc062723c751e8b465ee728b)
Start importing Assets/PolygonPrototype/Prefabs/Buildings/Simple/SM_Buildings_Ramp_45_1x1_01.prefab using Guid(79ecc678a95687547a9794055ab348d1) Importer(815301076,1909f56bfc062723c751e8b465ee728b)  -> (artifact id: '30050491f9c9e5d98c87fc29c9a7f41b') in 0.009821 seconds 
========================================================================
Received Import Request.
  Time since last request: 0.000054 seconds.
  path: Assets/PolygonPrototype/Prefabs/Buildings/Simple/SM_Buildings_Ramp_55_1x1_01.prefab
  artifactKey: Guid(0c49c7f5f4912cb4395862a779a92875) Importer(815301076,1909f56bfc062723c751e8b465ee728b)
Start importing Assets/PolygonPrototype/Prefabs/Buildings/Simple/SM_Buildings_Ramp_55_1x1_01.prefab using Guid(0c49c7f5f4912cb4395862a779a92875) Importer(815301076,1909f56bfc062723c751e8b465ee728b)  -> (artifact id: 'e1239cd9bef2fb7eb5660a203cc2c584') in 0.008925 seconds 
========================================================================
Received Import Request.
  Time since last request: 0.012507 seconds.
  path: Assets/PolygonPrototype/Prefabs/Buildings/Simple/SM_Buildings_Ramp_65_1x1_01.prefab
  artifactKey: Guid(6056345bce72b7f4283d7f68d8b1bf27) Importer(815301076,1909f56bfc062723c751e8b465ee728b)
Start importing Assets/PolygonPrototype/Prefabs/Buildings/Simple/SM_Buildings_Ramp_65_1x1_01.prefab using Guid(6056345bce72b7f4283d7f68d8b1bf27) Importer(815301076,1909f56bfc062723c751e8b465ee728b)  -> (artifact id: 'ac6fb5d1f838767477893692159c31d6') in 0.007893 seconds 
========================================================================
Received Import Request.
  Time since last request: 0.000051 seconds.
  path: Assets/PolygonPrototype/Prefabs/Buildings/Simple/SM_Buildings_RoofAngled_1x1_01.prefab
  artifactKey: Guid(8726dd4bb69f80944a6601d95675914f) Importer(815301076,1909f56bfc062723c751e8b465ee728b)
Start importing Assets/PolygonPrototype/Prefabs/Buildings/Simple/SM_Buildings_RoofAngled_1x1_01.prefab using Guid(8726dd4bb69f80944a6601d95675914f) Importer(815301076,1909f56bfc062723c751e8b465ee728b)  -> (artifact id: '61c7348f76dda192548ad7e1f6959a2c') in 0.008434 seconds 
========================================================================
Received Import Request.
  Time since last request: 0.000047 seconds.
  path: Assets/PolygonPrototype/Prefabs/Buildings/Simple/SM_Buildings_Ramp_70_1x1_01.prefab
  artifactKey: Guid(f3b68f7ac9d44994e8c1c9ee7c26d95c) Importer(815301076,1909f56bfc062723c751e8b465ee728b)
Start importing Assets/PolygonPrototype/Prefabs/Buildings/Simple/SM_Buildings_Ramp_70_1x1_01.prefab using Guid(f3b68f7ac9d44994e8c1c9ee7c26d95c) Importer(815301076,1909f56bfc062723c751e8b465ee728b)  -> (artifact id: 'c19d249a599e24c06f432813284cdab1') in 0.007253 seconds 
========================================================================
Received Import Request.
  Time since last request: 1.128913 seconds.
  path: Assets/PolygonPrototype/Prefabs/Buildings/Simple/SM_Buildings_RoofAngledCornerInner_5x5_01.prefab
  artifactKey: Guid(ce61ac00c5a1bc6458886ed29760bb00) Importer(815301076,1909f56bfc062723c751e8b465ee728b)
Start importing Assets/PolygonPrototype/Prefabs/Buildings/Simple/SM_Buildings_RoofAngledCornerInner_5x5_01.prefab using Guid(ce61ac00c5a1bc6458886ed29760bb00) Importer(815301076,1909f56bfc062723c751e8b465ee728b)  -> (artifact id: 'dc099c0d4a9f5265bad08153b8bce1ed') in 0.010924 seconds 
========================================================================
Received Import Request.
  Time since last request: 0.000054 seconds.
  path: Assets/PolygonPrototype/Prefabs/Buildings/Simple/SM_Buildings_RoofAngledCornerMiddle_2x2_01.prefab
  artifactKey: Guid(e4eb7448f1d78644d94c821a3ff5d394) Importer(815301076,1909f56bfc062723c751e8b465ee728b)
Start importing Assets/PolygonPrototype/Prefabs/Buildings/Simple/SM_Buildings_RoofAngledCornerMiddle_2x2_01.prefab using Guid(e4eb7448f1d78644d94c821a3ff5d394) Importer(815301076,1909f56bfc062723c751e8b465ee728b)  -> (artifact id: '916212e605afdc290a56eb3838e8d1e7') in 0.008578 seconds 
========================================================================
Received Import Request.
  Time since last request: 0.681230 seconds.
  path: Assets/PolygonPrototype/Prefabs/Buildings/Simple/SM_Buildings_RoofAngledCornerOuter_5x5_01.prefab
  artifactKey: Guid(bfa953a0b1b7caf43b71ec4fda50534d) Importer(815301076,1909f56bfc062723c751e8b465ee728b)
Start importing Assets/PolygonPrototype/Prefabs/Buildings/Simple/SM_Buildings_RoofAngledCornerOuter_5x5_01.prefab using Guid(bfa953a0b1b7caf43b71ec4fda50534d) Importer(815301076,1909f56bfc062723c751e8b465ee728b)  -> (artifact id: 'dee321ad08b66bfe0e9114d600aad49b') in 0.009268 seconds 
========================================================================
Received Import Request.
  Time since last request: 0.000060 seconds.
  path: Assets/PolygonPrototype/Prefabs/Buildings/Simple/SM_Buildings_RoofAngledPoint_1x1_01.prefab
  artifactKey: Guid(55154868616fbb64c852d8769f3082f5) Importer(815301076,1909f56bfc062723c751e8b465ee728b)
Start importing Assets/PolygonPrototype/Prefabs/Buildings/Simple/SM_Buildings_RoofAngledPoint_1x1_01.prefab using Guid(55154868616fbb64c852d8769f3082f5) Importer(815301076,1909f56bfc062723c751e8b465ee728b)  -> (artifact id: '4daf912ecdd3c23a7475a972b3754c76') in 0.008394 seconds 
========================================================================
Received Import Request.
  Time since last request: 0.020509 seconds.
  path: Assets/PolygonPrototype/Prefabs/Buildings/Simple/SM_Buildings_Stairs_1x2_01.prefab
  artifactKey: Guid(70fa831f0af33c84da31f1d112cc5a21) Importer(815301076,1909f56bfc062723c751e8b465ee728b)
Start importing Assets/PolygonPrototype/Prefabs/Buildings/Simple/SM_Buildings_Stairs_1x2_01.prefab using Guid(70fa831f0af33c84da31f1d112cc5a21) Importer(815301076,1909f56bfc062723c751e8b465ee728b)  -> (artifact id: '9d5b6b651ca768db0c21ce7ecef3bb6c') in 0.007885 seconds 
========================================================================
Received Import Request.
  Time since last request: 0.000060 seconds.
  path: Assets/PolygonPrototype/Prefabs/Buildings/Simple/SM_Buildings_Stairs_1x3_02.prefab
  artifactKey: Guid(65942a5b1f206f345b0bf2f1ea3c28f5) Importer(815301076,1909f56bfc062723c751e8b465ee728b)
Start importing Assets/PolygonPrototype/Prefabs/Buildings/Simple/SM_Buildings_Stairs_1x3_02.prefab using Guid(65942a5b1f206f345b0bf2f1ea3c28f5) Importer(815301076,1909f56bfc062723c751e8b465ee728b)  -> (artifact id: 'c3de610902cee4c301e899b6c3f5282f') in 0.008542 seconds 
========================================================================
Received Import Request.
  Time since last request: 0.451556 seconds.
  path: Assets/PolygonPrototype/Prefabs/Buildings/Simple/SM_Buildings_Wall_5x3_01.prefab
  artifactKey: Guid(46e18d94e2668c5479029197e6379a8e) Importer(815301076,1909f56bfc062723c751e8b465ee728b)
Start importing Assets/PolygonPrototype/Prefabs/Buildings/Simple/SM_Buildings_Wall_5x3_01.prefab using Guid(46e18d94e2668c5479029197e6379a8e) Importer(815301076,1909f56bfc062723c751e8b465ee728b)  -> (artifact id: '02900768cad71418ef44fbd6684f807b') in 0.013076 seconds 
========================================================================
Received Import Request.
  Time since last request: 0.000073 seconds.
  path: Assets/PolygonPrototype/Prefabs/Buildings/Simple/SM_Buildings_WallChamfered_2x2_01.prefab
  artifactKey: Guid(0017824d0587b5a4a8e7e545e1e4f1a9) Importer(815301076,1909f56bfc062723c751e8b465ee728b)
Start importing Assets/PolygonPrototype/Prefabs/Buildings/Simple/SM_Buildings_WallChamfered_2x2_01.prefab using Guid(0017824d0587b5a4a8e7e545e1e4f1a9) Importer(815301076,1909f56bfc062723c751e8b465ee728b)  -> (artifact id: '0da9d7a83ef85d99bee852f0b920b1b5') in 0.009455 seconds 
========================================================================
Received Import Request.
  Time since last request: 0.539791 seconds.
  path: Assets/PolygonPrototype/Prefabs/Buildings/Simple/SM_Buildings_WallCurved_2x2_01.prefab
  artifactKey: Guid(0b3b3c72112a67d40969c051c8fca57d) Importer(815301076,1909f56bfc062723c751e8b465ee728b)
Start importing Assets/PolygonPrototype/Prefabs/Buildings/Simple/SM_Buildings_WallCurved_2x2_01.prefab using Guid(0b3b3c72112a67d40969c051c8fca57d) Importer(815301076,1909f56bfc062723c751e8b465ee728b)  -> (artifact id: 'c606812545675afc6e262f4d418281b2') in 0.009666 seconds 
========================================================================
Received Import Request.
  Time since last request: 0.000063 seconds.
  path: Assets/PolygonPrototype/Prefabs/Buildings/Simple/SM_Buildings_WallCurved_5x5_01.prefab
  artifactKey: Guid(10efdfef6e4415a45ba89bee9e652816) Importer(815301076,1909f56bfc062723c751e8b465ee728b)
Start importing Assets/PolygonPrototype/Prefabs/Buildings/Simple/SM_Buildings_WallCurved_5x5_01.prefab using Guid(10efdfef6e4415a45ba89bee9e652816) Importer(815301076,1909f56bfc062723c751e8b465ee728b)  -> (artifact id: '051fa86d02a591534272aac1dfa69d46') in 0.008263 seconds 
========================================================================
Received Import Request.
  Time since last request: 0.621540 seconds.
  path: Assets/PolygonPrototype/Prefabs/Buildings/Simple/SM_Buildings_WallWindow_2x3_01.prefab
  artifactKey: Guid(48f207693c6c2b2449e56a263751e47b) Importer(815301076,1909f56bfc062723c751e8b465ee728b)
Start importing Assets/PolygonPrototype/Prefabs/Buildings/Simple/SM_Buildings_WallWindow_2x3_01.prefab using Guid(48f207693c6c2b2449e56a263751e47b) Importer(815301076,1909f56bfc062723c751e8b465ee728b)  -> (artifact id: 'eed9203f291eccba52b8e79d0fb9b468') in 0.009956 seconds 
========================================================================
Received Import Request.
  Time since last request: 0.000054 seconds.
  path: Assets/PolygonPrototype/Prefabs/Buildings/Simple/SM_Buildings_WallWindowDouble_5x3_01.prefab
  artifactKey: Guid(54634004fe05e614b9925b8618f478d7) Importer(815301076,1909f56bfc062723c751e8b465ee728b)
Start importing Assets/PolygonPrototype/Prefabs/Buildings/Simple/SM_Buildings_WallWindowDouble_5x3_01.prefab using Guid(54634004fe05e614b9925b8618f478d7) Importer(815301076,1909f56bfc062723c751e8b465ee728b)  -> (artifact id: '3fe2882987216480106451ac1242d484') in 0.013447 seconds 
========================================================================
Received Prepare
Registering precompiled user dll's ...
Registered in 0.001603 seconds.
Begin MonoManager ReloadAssembly
Thread 0x2ab003000 may have been prematurely finalized
Symbol file LoadedFromMemory doesn't match image /Users/ishma/Project_Panopticon_Demo/Library/PackageCache/com.unity.visualscripting@1.8.0/Editor/VisualScripting.Core/Dependencies/YamlDotNet/Unity.VisualScripting.YamlDotNet.dll
Symbol file LoadedFromMemory doesn't match image /Users/ishma/Project_Panopticon_Demo/Library/PackageCache/com.unity.visualscripting@1.8.0/Editor/VisualScripting.Core/Dependencies/DotNetZip/Unity.VisualScripting.IonicZip.dll
Shader 'Universal Render Pipeline/Autodesk Interactive/AutodeskInteractive': fallback shader 'Hidden/Shader Graph/FallbackError' not found
Shader 'Universal Render Pipeline/Autodesk Interactive/AutodeskInteractiveTransparent': fallback shader 'Hidden/Shader Graph/FallbackError' not found
Shader 'Universal Render Pipeline/Autodesk Interactive/AutodeskInteractiveMasked': fallback shader 'Hidden/Shader Graph/FallbackError' not found
Shader 'Shader Graphs/Decal': fallback shader 'Hidden/Shader Graph/FallbackError' not found
Native extension for WindowsStandalone target not found
Native extension for iOS target not found
Native extension for Android target not found
Native extension for OSXStandalone target not found
Refreshing native plugins compatible for Editor in 0.80 ms, found 2 plugins.
Preloading 0 native plugins for Editor in 0.00 ms.
Mono: successfully reloaded assembly
- Completed reload, in  0.657 seconds
Domain Reload Profiling:
	ReloadAssembly (657ms)
		BeginReloadAssembly (91ms)
			ExecutionOrderSort (0ms)
			DisableScriptedObjects (4ms)
			BackupInstance (0ms)
			ReleaseScriptingObjects (0ms)
			CreateAndSetChildDomain (37ms)
		EndReloadAssembly (513ms)
			LoadAssemblies (41ms)
			RebuildTransferFunctionScriptingTraits (0ms)
			SetupTypeCache (168ms)
			ReleaseScriptCaches (1ms)
			RebuildScriptCaches (29ms)
			SetupLoadedEditorAssemblies (219ms)
				LogAssemblyErrors (0ms)
				InitializePlatformSupportModulesInManaged (17ms)
				SetLoadedEditorAssemblies (0ms)
				RefreshPlugins (1ms)
				BeforeProcessingInitializeOnLoad (42ms)
				ProcessInitializeOnLoadAttributes (117ms)
				ProcessInitializeOnLoadMethodAttributes (41ms)
				AfterProcessingInitializeOnLoad (1ms)
				EditorAssembliesLoaded (0ms)
			ExecutionOrderSort2 (0ms)
			AwakeInstancesAfterBackupRestoration (11ms)
Platform modules already initialized, skipping
Failed to load shader (instanceID 474, GUID 0f4122b9a743b744abe2fb6a0a88868b)
Failed to load shader (instanceID 548, GUID a16365e8c873daa4c94919438490b905)
Failed to load shader (instanceID 458, GUID 5caf62d8bd7c44596ace77ef9eb8ea31)
Failed to load shader (instanceID 550, GUID 9c442dc870b456e48b615cd8add0e9ef)
Failed to load shader (instanceID 552, GUID 77cfa04f893eb8745b6a454a3d51b43c)
Failed to load shader (instanceID 554, GUID 0d0f817524897904ba47a6a1d55e7668)
Failed to load shader (instanceID 480, GUID 69c1f799e772cb6438f56c23efccb782)
Failed to load shader (instanceID 460, GUID da07703fcc09f8d4799221050659bd55)
Failed to load shader (instanceID 556, GUID 2df96b66b5510f94b98df2ac6f926ef4)
Failed to load shader (instanceID 456, GUID 50b406436c6214c49aaaa6011b71dde8)
Failed to load shader (instanceID 558, GUID 4386e57b23a56004c93e1d57d2bbcb4f)
Failed to load shader (instanceID 560, GUID 95e15a77195eb574ab82aaac18b1c796)
Shader 'SyntyStudios/Prototype_Global_URP': fallback shader 'Hidden/Shader Graph/FallbackError' not found
Shader 'SyntyStudios/Prototype_Glass_Object_URP': fallback shader 'Hidden/Shader Graph/FallbackError' not found
Refreshing native plugins compatible for Editor in 0.99 ms, found 2 plugins.
Preloading 0 native plugins for Editor in 0.00 ms.
Unloading 4597 Unused Serialized files (Serialized files now loaded: 0)
Unloading 23 unused Assets / (434.2 KB). Loaded Objects now: 5240.
Memory consumption went from 190.1 MB to 189.7 MB.
Total: 2.587250 ms (FindLiveObjects: 0.149375 ms CreateObjectMapping: 0.060792 ms MarkObjects: 2.250291 ms  DeleteObjects: 0.125959 ms)

AssetImportParameters requested are different than current active one (requested -> active):
  custom:video-decoder-ogg-theora: a1e56fd34408186e4bbccfd4996cb3dc -> 
  custom:container-muxer-webm: aa71ff27fc2769a1b78a27578f13a17b -> 
  custom:container-demuxer-webm: 4f35f7cbe854078d1ac9338744f61a02 -> 
  custom:video-encoder-webm-vp8: eb34c28f22e8b96e1ab97ce403110664 -> 
  custom:framework-osx-AVFoundation: e770b220cccbd017edd2c1fefb359320 -> 
  custom:audio-encoder-webm-vorbis: bf7c407c2cedff20999df2af8eb42d56 -> 
  custom:container-demuxer-ogg: 62fdf1f143b41e24485cea50d1cbac27 -> 
  custom:video-decoder-webm-vp8: 9c59270c3fd7afecdb556c50c9e8de78 -> 
  custom:audio-decoder-ogg-vorbis: bf7c407c2cedff20999df2af8eb42d56 -> 
========================================================================
Received Prepare
Registering precompiled user dll's ...
Registered in 0.001574 seconds.
Begin MonoManager ReloadAssembly
Thread 0x17f58b000 may have been prematurely finalized
Symbol file LoadedFromMemory doesn't match image /Users/ishma/Project_Panopticon_Demo/Library/PackageCache/com.unity.visualscripting@1.8.0/Editor/VisualScripting.Core/Dependencies/YamlDotNet/Unity.VisualScripting.YamlDotNet.dll
Symbol file LoadedFromMemory doesn't match image /Users/ishma/Project_Panopticon_Demo/Library/PackageCache/com.unity.visualscripting@1.8.0/Editor/VisualScripting.Core/Dependencies/DotNetZip/Unity.VisualScripting.IonicZip.dll
Shader 'Universal Render Pipeline/Autodesk Interactive/AutodeskInteractive': fallback shader 'Hidden/Shader Graph/FallbackError' not found
Shader 'Universal Render Pipeline/Autodesk Interactive/AutodeskInteractiveTransparent': fallback shader 'Hidden/Shader Graph/FallbackError' not found
Shader 'Universal Render Pipeline/Autodesk Interactive/AutodeskInteractiveMasked': fallback shader 'Hidden/Shader Graph/FallbackError' not found
Shader 'Shader Graphs/Decal': fallback shader 'Hidden/Shader Graph/FallbackError' not found
Native extension for WindowsStandalone target not found
Native extension for iOS target not found
Native extension for Android target not found
Native extension for OSXStandalone target not found
Refreshing native plugins compatible for Editor in 0.79 ms, found 2 plugins.
Preloading 0 native plugins for Editor in 0.00 ms.
Mono: successfully reloaded assembly
- Completed reload, in  0.632 seconds
Domain Reload Profiling:
	ReloadAssembly (632ms)
		BeginReloadAssembly (78ms)
			ExecutionOrderSort (0ms)
			DisableScriptedObjects (3ms)
			BackupInstance (0ms)
			ReleaseScriptingObjects (0ms)
			CreateAndSetChildDomain (28ms)
		EndReloadAssembly (503ms)
			LoadAssemblies (40ms)
			RebuildTransferFunctionScriptingTraits (0ms)
			SetupTypeCache (161ms)
			ReleaseScriptCaches (1ms)
			RebuildScriptCaches (30ms)
			SetupLoadedEditorAssemblies (218ms)
				LogAssemblyErrors (0ms)
				InitializePlatformSupportModulesInManaged (16ms)
				SetLoadedEditorAssemblies (0ms)
				RefreshPlugins (1ms)
				BeforeProcessingInitializeOnLoad (43ms)
				ProcessInitializeOnLoadAttributes (115ms)
				ProcessInitializeOnLoadMethodAttributes (42ms)
				AfterProcessingInitializeOnLoad (1ms)
				EditorAssembliesLoaded (0ms)
			ExecutionOrderSort2 (0ms)
			AwakeInstancesAfterBackupRestoration (9ms)
Platform modules already initialized, skipping
Failed to load shader (instanceID 474, GUID 0f4122b9a743b744abe2fb6a0a88868b)
Failed to load shader (instanceID 548, GUID a16365e8c873daa4c94919438490b905)
Failed to load shader (instanceID 458, GUID 5caf62d8bd7c44596ace77ef9eb8ea31)
Failed to load shader (instanceID 550, GUID 9c442dc870b456e48b615cd8add0e9ef)
Failed to load shader (instanceID 552, GUID 77cfa04f893eb8745b6a454a3d51b43c)
Failed to load shader (instanceID 554, GUID 0d0f817524897904ba47a6a1d55e7668)
Failed to load shader (instanceID 480, GUID 69c1f799e772cb6438f56c23efccb782)
Failed to load shader (instanceID 460, GUID da07703fcc09f8d4799221050659bd55)
Failed to load shader (instanceID 556, GUID 2df96b66b5510f94b98df2ac6f926ef4)
Failed to load shader (instanceID 456, GUID 50b406436c6214c49aaaa6011b71dde8)
Failed to load shader (instanceID 558, GUID 4386e57b23a56004c93e1d57d2bbcb4f)
Failed to load shader (instanceID 560, GUID 95e15a77195eb574ab82aaac18b1c796)
Shader 'SyntyStudios/Prototype_Global_URP': fallback shader 'Hidden/Shader Graph/FallbackError' not found
Shader 'SyntyStudios/Prototype_Glass_Object_URP': fallback shader 'Hidden/Shader Graph/FallbackError' not found
Refreshing native plugins compatible for Editor in 1.16 ms, found 2 plugins.
Preloading 0 native plugins for Editor in 0.00 ms.
Unloading 4597 Unused Serialized files (Serialized files now loaded: 0)
Unloading 23 unused Assets / (434.0 KB). Loaded Objects now: 5243.
Memory consumption went from 190.0 MB to 189.6 MB.
Total: 2.556917 ms (FindLiveObjects: 0.155625 ms CreateObjectMapping: 0.056125 ms MarkObjects: 2.216042 ms  DeleteObjects: 0.128416 ms)

AssetImportParameters requested are different than current active one (requested -> active):
  custom:video-decoder-ogg-theora: a1e56fd34408186e4bbccfd4996cb3dc -> 
  custom:container-muxer-webm: aa71ff27fc2769a1b78a27578f13a17b -> 
  custom:container-demuxer-webm: 4f35f7cbe854078d1ac9338744f61a02 -> 
  custom:video-encoder-webm-vp8: eb34c28f22e8b96e1ab97ce403110664 -> 
  custom:framework-osx-AVFoundation: e770b220cccbd017edd2c1fefb359320 -> 
  custom:audio-encoder-webm-vorbis: bf7c407c2cedff20999df2af8eb42d56 -> 
  custom:container-demuxer-ogg: 62fdf1f143b41e24485cea50d1cbac27 -> 
  custom:video-decoder-webm-vp8: 9c59270c3fd7afecdb556c50c9e8de78 -> 
  custom:audio-decoder-ogg-vorbis: bf7c407c2cedff20999df2af8eb42d56 -> 
========================================================================
Received Prepare
Registering precompiled user dll's ...
Registered in 0.001745 seconds.
Begin MonoManager ReloadAssembly
Thread 0x17f58b000 may have been prematurely finalized
Symbol file LoadedFromMemory doesn't match image /Users/ishma/Project_Panopticon_Demo/Library/PackageCache/com.unity.visualscripting@1.8.0/Editor/VisualScripting.Core/Dependencies/YamlDotNet/Unity.VisualScripting.YamlDotNet.dll
Symbol file LoadedFromMemory doesn't match image /Users/ishma/Project_Panopticon_Demo/Library/PackageCache/com.unity.visualscripting@1.8.0/Editor/VisualScripting.Core/Dependencies/DotNetZip/Unity.VisualScripting.IonicZip.dll
Shader 'Universal Render Pipeline/Autodesk Interactive/AutodeskInteractive': fallback shader 'Hidden/Shader Graph/FallbackError' not found
Shader 'Universal Render Pipeline/Autodesk Interactive/AutodeskInteractiveTransparent': fallback shader 'Hidden/Shader Graph/FallbackError' not found
Shader 'Universal Render Pipeline/Autodesk Interactive/AutodeskInteractiveMasked': fallback shader 'Hidden/Shader Graph/FallbackError' not found
Shader 'Shader Graphs/Decal': fallback shader 'Hidden/Shader Graph/FallbackError' not found
Native extension for WindowsStandalone target not found
Native extension for iOS target not found
Native extension for Android target not found
Native extension for OSXStandalone target not found
Refreshing native plugins compatible for Editor in 1.00 ms, found 2 plugins.
Preloading 0 native plugins for Editor in 0.00 ms.
Mono: successfully reloaded assembly
- Completed reload, in  0.633 seconds
Domain Reload Profiling:
	ReloadAssembly (633ms)
		BeginReloadAssembly (80ms)
			ExecutionOrderSort (0ms)
			DisableScriptedObjects (3ms)
			BackupInstance (0ms)
			ReleaseScriptingObjects (0ms)
			CreateAndSetChildDomain (30ms)
		EndReloadAssembly (502ms)
			LoadAssemblies (37ms)
			RebuildTransferFunctionScriptingTraits (0ms)
			SetupTypeCache (163ms)
			ReleaseScriptCaches (2ms)
			RebuildScriptCaches (29ms)
			SetupLoadedEditorAssemblies (220ms)
				LogAssemblyErrors (0ms)
				InitializePlatformSupportModulesInManaged (16ms)
				SetLoadedEditorAssemblies (0ms)
				RefreshPlugins (1ms)
				BeforeProcessingInitializeOnLoad (43ms)
				ProcessInitializeOnLoadAttributes (116ms)
				ProcessInitializeOnLoadMethodAttributes (42ms)
				AfterProcessingInitializeOnLoad (1ms)
				EditorAssembliesLoaded (0ms)
			ExecutionOrderSort2 (0ms)
			AwakeInstancesAfterBackupRestoration (9ms)
Platform modules already initialized, skipping
Failed to load shader (instanceID 474, GUID 0f4122b9a743b744abe2fb6a0a88868b)
Failed to load shader (instanceID 548, GUID a16365e8c873daa4c94919438490b905)
Failed to load shader (instanceID 458, GUID 5caf62d8bd7c44596ace77ef9eb8ea31)
Failed to load shader (instanceID 550, GUID 9c442dc870b456e48b615cd8add0e9ef)
Failed to load shader (instanceID 552, GUID 77cfa04f893eb8745b6a454a3d51b43c)
Failed to load shader (instanceID 554, GUID 0d0f817524897904ba47a6a1d55e7668)
Failed to load shader (instanceID 480, GUID 69c1f799e772cb6438f56c23efccb782)
Failed to load shader (instanceID 460, GUID da07703fcc09f8d4799221050659bd55)
Failed to load shader (instanceID 556, GUID 2df96b66b5510f94b98df2ac6f926ef4)
Failed to load shader (instanceID 456, GUID 50b406436c6214c49aaaa6011b71dde8)
Failed to load shader (instanceID 558, GUID 4386e57b23a56004c93e1d57d2bbcb4f)
Failed to load shader (instanceID 560, GUID 95e15a77195eb574ab82aaac18b1c796)
Shader 'SyntyStudios/Prototype_Global_URP': fallback shader 'Hidden/Shader Graph/FallbackError' not found
Shader 'SyntyStudios/Prototype_Glass_Object_URP': fallback shader 'Hidden/Shader Graph/FallbackError' not found
Refreshing native plugins compatible for Editor in 1.19 ms, found 2 plugins.
Preloading 0 native plugins for Editor in 0.00 ms.
Unloading 4597 Unused Serialized files (Serialized files now loaded: 0)
Unloading 23 unused Assets / (434.1 KB). Loaded Objects now: 5246.
Memory consumption went from 190.0 MB to 189.6 MB.
Total: 2.359041 ms (FindLiveObjects: 0.135417 ms CreateObjectMapping: 0.061250 ms MarkObjects: 2.028541 ms  DeleteObjects: 0.132958 ms)

AssetImportParameters requested are different than current active one (requested -> active):
  custom:video-decoder-ogg-theora: a1e56fd34408186e4bbccfd4996cb3dc -> 
  custom:container-muxer-webm: aa71ff27fc2769a1b78a27578f13a17b -> 
  custom:container-demuxer-webm: 4f35f7cbe854078d1ac9338744f61a02 -> 
  custom:video-encoder-webm-vp8: eb34c28f22e8b96e1ab97ce403110664 -> 
  custom:framework-osx-AVFoundation: e770b220cccbd017edd2c1fefb359320 -> 
  custom:audio-encoder-webm-vorbis: bf7c407c2cedff20999df2af8eb42d56 -> 
  custom:container-demuxer-ogg: 62fdf1f143b41e24485cea50d1cbac27 -> 
  custom:video-decoder-webm-vp8: 9c59270c3fd7afecdb556c50c9e8de78 -> 
  custom:audio-decoder-ogg-vorbis: bf7c407c2cedff20999df2af8eb42d56 -> 
========================================================================
Received Prepare
Registering precompiled user dll's ...
Registered in 0.001435 seconds.
Begin MonoManager ReloadAssembly
Thread 0x17f58b000 may have been prematurely finalized
Symbol file LoadedFromMemory doesn't match image /Users/ishma/Project_Panopticon_Demo/Library/PackageCache/com.unity.visualscripting@1.8.0/Editor/VisualScripting.Core/Dependencies/YamlDotNet/Unity.VisualScripting.YamlDotNet.dll
Symbol file LoadedFromMemory doesn't match image /Users/ishma/Project_Panopticon_Demo/Library/PackageCache/com.unity.visualscripting@1.8.0/Editor/VisualScripting.Core/Dependencies/DotNetZip/Unity.VisualScripting.IonicZip.dll
Shader 'Universal Render Pipeline/Autodesk Interactive/AutodeskInteractive': fallback shader 'Hidden/Shader Graph/FallbackError' not found
Shader 'Universal Render Pipeline/Autodesk Interactive/AutodeskInteractiveTransparent': fallback shader 'Hidden/Shader Graph/FallbackError' not found
Shader 'Universal Render Pipeline/Autodesk Interactive/AutodeskInteractiveMasked': fallback shader 'Hidden/Shader Graph/FallbackError' not found
Shader 'Shader Graphs/Decal': fallback shader 'Hidden/Shader Graph/FallbackError' not found
Native extension for WindowsStandalone target not found
Native extension for iOS target not found
Native extension for Android target not found
Native extension for OSXStandalone target not found
Refreshing native plugins compatible for Editor in 0.72 ms, found 2 plugins.
Preloading 0 native plugins for Editor in 0.00 ms.
Mono: successfully reloaded assembly
- Completed reload, in  0.635 seconds
Domain Reload Profiling:
	ReloadAssembly (635ms)
		BeginReloadAssembly (80ms)
			ExecutionOrderSort (0ms)
			DisableScriptedObjects (3ms)
			BackupInstance (0ms)
			ReleaseScriptingObjects (0ms)
			CreateAndSetChildDomain (28ms)
		EndReloadAssembly (505ms)
			LoadAssemblies (38ms)
			RebuildTransferFunctionScriptingTraits (0ms)
			SetupTypeCache (161ms)
			ReleaseScriptCaches (1ms)
			RebuildScriptCaches (31ms)
			SetupLoadedEditorAssemblies (223ms)
				LogAssemblyErrors (0ms)
				InitializePlatformSupportModulesInManaged (18ms)
				SetLoadedEditorAssemblies (0ms)
				RefreshPlugins (1ms)
				BeforeProcessingInitializeOnLoad (43ms)
				ProcessInitializeOnLoadAttributes (117ms)
				ProcessInitializeOnLoadMethodAttributes (43ms)
				AfterProcessingInitializeOnLoad (1ms)
				EditorAssembliesLoaded (0ms)
			ExecutionOrderSort2 (0ms)
			AwakeInstancesAfterBackupRestoration (9ms)
Platform modules already initialized, skipping
Failed to load shader (instanceID 474, GUID 0f4122b9a743b744abe2fb6a0a88868b)
Failed to load shader (instanceID 548, GUID a16365e8c873daa4c94919438490b905)
Failed to load shader (instanceID 458, GUID 5caf62d8bd7c44596ace77ef9eb8ea31)
Failed to load shader (instanceID 550, GUID 9c442dc870b456e48b615cd8add0e9ef)
Failed to load shader (instanceID 552, GUID 77cfa04f893eb8745b6a454a3d51b43c)
Failed to load shader (instanceID 554, GUID 0d0f817524897904ba47a6a1d55e7668)
Failed to load shader (instanceID 480, GUID 69c1f799e772cb6438f56c23efccb782)
Failed to load shader (instanceID 460, GUID da07703fcc09f8d4799221050659bd55)
Failed to load shader (instanceID 556, GUID 2df96b66b5510f94b98df2ac6f926ef4)
Failed to load shader (instanceID 456, GUID 50b406436c6214c49aaaa6011b71dde8)
Failed to load shader (instanceID 558, GUID 4386e57b23a56004c93e1d57d2bbcb4f)
Failed to load shader (instanceID 560, GUID 95e15a77195eb574ab82aaac18b1c796)
Shader 'SyntyStudios/Prototype_Global_URP': fallback shader 'Hidden/Shader Graph/FallbackError' not found
Shader 'SyntyStudios/Prototype_Glass_Object_URP': fallback shader 'Hidden/Shader Graph/FallbackError' not found
Refreshing native plugins compatible for Editor in 1.21 ms, found 2 plugins.
Preloading 0 native plugins for Editor in 0.00 ms.
Unloading 4597 Unused Serialized files (Serialized files now loaded: 0)
Unloading 23 unused Assets / (434.1 KB). Loaded Objects now: 5249.
Memory consumption went from 190.0 MB to 189.6 MB.
Total: 2.447750 ms (FindLiveObjects: 0.141084 ms CreateObjectMapping: 0.058500 ms MarkObjects: 2.109375 ms  DeleteObjects: 0.137625 ms)

AssetImportParameters requested are different than current active one (requested -> active):
  custom:video-decoder-ogg-theora: a1e56fd34408186e4bbccfd4996cb3dc -> 
  custom:container-muxer-webm: aa71ff27fc2769a1b78a27578f13a17b -> 
  custom:container-demuxer-webm: 4f35f7cbe854078d1ac9338744f61a02 -> 
  custom:video-encoder-webm-vp8: eb34c28f22e8b96e1ab97ce403110664 -> 
  custom:framework-osx-AVFoundation: e770b220cccbd017edd2c1fefb359320 -> 
  custom:audio-encoder-webm-vorbis: bf7c407c2cedff20999df2af8eb42d56 -> 
  custom:container-demuxer-ogg: 62fdf1f143b41e24485cea50d1cbac27 -> 
  custom:video-decoder-webm-vp8: 9c59270c3fd7afecdb556c50c9e8de78 -> 
  custom:audio-decoder-ogg-vorbis: bf7c407c2cedff20999df2af8eb42d56 -> 
========================================================================
Received Prepare
Registering precompiled user dll's ...
Registered in 0.001893 seconds.
Begin MonoManager ReloadAssembly
Thread 0x17f58b000 may have been prematurely finalized
Symbol file LoadedFromMemory doesn't match image /Users/ishma/Project_Panopticon_Demo/Library/PackageCache/com.unity.visualscripting@1.8.0/Editor/VisualScripting.Core/Dependencies/YamlDotNet/Unity.VisualScripting.YamlDotNet.dll
Symbol file LoadedFromMemory doesn't match image /Users/ishma/Project_Panopticon_Demo/Library/PackageCache/com.unity.visualscripting@1.8.0/Editor/VisualScripting.Core/Dependencies/DotNetZip/Unity.VisualScripting.IonicZip.dll
Shader 'Universal Render Pipeline/Autodesk Interactive/AutodeskInteractive': fallback shader 'Hidden/Shader Graph/FallbackError' not found
Shader 'Universal Render Pipeline/Autodesk Interactive/AutodeskInteractiveTransparent': fallback shader 'Hidden/Shader Graph/FallbackError' not found
Shader 'Universal Render Pipeline/Autodesk Interactive/AutodeskInteractiveMasked': fallback shader 'Hidden/Shader Graph/FallbackError' not found
Shader 'Shader Graphs/Decal': fallback shader 'Hidden/Shader Graph/FallbackError' not found
Native extension for WindowsStandalone target not found
Native extension for iOS target not found
Native extension for Android target not found
Native extension for OSXStandalone target not found
Refreshing native plugins compatible for Editor in 1.11 ms, found 2 plugins.
Preloading 0 native plugins for Editor in 0.00 ms.
Mono: successfully reloaded assembly
- Completed reload, in  0.640 seconds
Domain Reload Profiling:
	ReloadAssembly (640ms)
		BeginReloadAssembly (79ms)
			ExecutionOrderSort (0ms)
			DisableScriptedObjects (3ms)
			BackupInstance (0ms)
			ReleaseScriptingObjects (0ms)
			CreateAndSetChildDomain (30ms)
		EndReloadAssembly (509ms)
			LoadAssemblies (37ms)
			RebuildTransferFunctionScriptingTraits (0ms)
			SetupTypeCache (162ms)
			ReleaseScriptCaches (1ms)
			RebuildScriptCaches (32ms)
			SetupLoadedEditorAssemblies (222ms)
				LogAssemblyErrors (0ms)
				InitializePlatformSupportModulesInManaged (16ms)
				SetLoadedEditorAssemblies (0ms)
				RefreshPlugins (1ms)
				BeforeProcessingInitializeOnLoad (43ms)
				ProcessInitializeOnLoadAttributes (119ms)
				ProcessInitializeOnLoadMethodAttributes (42ms)
				AfterProcessingInitializeOnLoad (1ms)
				EditorAssembliesLoaded (0ms)
			ExecutionOrderSort2 (0ms)
			AwakeInstancesAfterBackupRestoration (9ms)
Platform modules already initialized, skipping
Failed to load shader (instanceID 474, GUID 0f4122b9a743b744abe2fb6a0a88868b)
Failed to load shader (instanceID 548, GUID a16365e8c873daa4c94919438490b905)
Failed to load shader (instanceID 458, GUID 5caf62d8bd7c44596ace77ef9eb8ea31)
Failed to load shader (instanceID 550, GUID 9c442dc870b456e48b615cd8add0e9ef)
Failed to load shader (instanceID 552, GUID 77cfa04f893eb8745b6a454a3d51b43c)
Failed to load shader (instanceID 554, GUID 0d0f817524897904ba47a6a1d55e7668)
Failed to load shader (instanceID 480, GUID 69c1f799e772cb6438f56c23efccb782)
Failed to load shader (instanceID 460, GUID da07703fcc09f8d4799221050659bd55)
Failed to load shader (instanceID 556, GUID 2df96b66b5510f94b98df2ac6f926ef4)
Failed to load shader (instanceID 456, GUID 50b406436c6214c49aaaa6011b71dde8)
Failed to load shader (instanceID 558, GUID 4386e57b23a56004c93e1d57d2bbcb4f)
Failed to load shader (instanceID 560, GUID 95e15a77195eb574ab82aaac18b1c796)
Shader 'SyntyStudios/Prototype_Global_URP': fallback shader 'Hidden/Shader Graph/FallbackError' not found
Shader 'SyntyStudios/Prototype_Glass_Object_URP': fallback shader 'Hidden/Shader Graph/FallbackError' not found
Refreshing native plugins compatible for Editor in 1.23 ms, found 2 plugins.
Preloading 0 native plugins for Editor in 0.00 ms.
Unloading 4597 Unused Serialized files (Serialized files now loaded: 0)
Unloading 23 unused Assets / (434.0 KB). Loaded Objects now: 5252.
Memory consumption went from 190.1 MB to 189.6 MB.
Total: 2.407708 ms (FindLiveObjects: 0.154333 ms CreateObjectMapping: 0.059083 ms MarkObjects: 2.027459 ms  DeleteObjects: 0.166291 ms)

AssetImportParameters requested are different than current active one (requested -> active):
  custom:video-decoder-ogg-theora: a1e56fd34408186e4bbccfd4996cb3dc -> 
  custom:container-muxer-webm: aa71ff27fc2769a1b78a27578f13a17b -> 
  custom:container-demuxer-webm: 4f35f7cbe854078d1ac9338744f61a02 -> 
  custom:video-encoder-webm-vp8: eb34c28f22e8b96e1ab97ce403110664 -> 
  custom:framework-osx-AVFoundation: e770b220cccbd017edd2c1fefb359320 -> 
  custom:audio-encoder-webm-vorbis: bf7c407c2cedff20999df2af8eb42d56 -> 
  custom:container-demuxer-ogg: 62fdf1f143b41e24485cea50d1cbac27 -> 
  custom:video-decoder-webm-vp8: 9c59270c3fd7afecdb556c50c9e8de78 -> 
  custom:audio-decoder-ogg-vorbis: bf7c407c2cedff20999df2af8eb42d56 -> 
========================================================================
Received Prepare
Registering precompiled user dll's ...
Registered in 0.001975 seconds.
Begin MonoManager ReloadAssembly
Thread 0x17f58b000 may have been prematurely finalized
Symbol file LoadedFromMemory doesn't match image /Users/ishma/Project_Panopticon_Demo/Library/PackageCache/com.unity.visualscripting@1.8.0/Editor/VisualScripting.Core/Dependencies/YamlDotNet/Unity.VisualScripting.YamlDotNet.dll
Symbol file LoadedFromMemory doesn't match image /Users/ishma/Project_Panopticon_Demo/Library/PackageCache/com.unity.visualscripting@1.8.0/Editor/VisualScripting.Core/Dependencies/DotNetZip/Unity.VisualScripting.IonicZip.dll
Shader 'Universal Render Pipeline/Autodesk Interactive/AutodeskInteractive': fallback shader 'Hidden/Shader Graph/FallbackError' not found
Shader 'Universal Render Pipeline/Autodesk Interactive/AutodeskInteractiveTransparent': fallback shader 'Hidden/Shader Graph/FallbackError' not found
Shader 'Universal Render Pipeline/Autodesk Interactive/AutodeskInteractiveMasked': fallback shader 'Hidden/Shader Graph/FallbackError' not found
Shader 'Shader Graphs/Decal': fallback shader 'Hidden/Shader Graph/FallbackError' not found
Native extension for WindowsStandalone target not found
Native extension for iOS target not found
Native extension for Android target not found
Native extension for OSXStandalone target not found
Refreshing native plugins compatible for Editor in 0.76 ms, found 2 plugins.
Preloading 0 native plugins for Editor in 0.00 ms.
Mono: successfully reloaded assembly
- Completed reload, in  0.634 seconds
Domain Reload Profiling:
	ReloadAssembly (634ms)
		BeginReloadAssembly (79ms)
			ExecutionOrderSort (0ms)
			DisableScriptedObjects (3ms)
			BackupInstance (0ms)
			ReleaseScriptingObjects (0ms)
			CreateAndSetChildDomain (29ms)
		EndReloadAssembly (504ms)
			LoadAssemblies (39ms)
			RebuildTransferFunctionScriptingTraits (0ms)
			SetupTypeCache (162ms)
			ReleaseScriptCaches (1ms)
			RebuildScriptCaches (30ms)
			SetupLoadedEditorAssemblies (219ms)
				LogAssemblyErrors (0ms)
				InitializePlatformSupportModulesInManaged (16ms)
				SetLoadedEditorAssemblies (0ms)
				RefreshPlugins (1ms)
				BeforeProcessingInitializeOnLoad (43ms)
				ProcessInitializeOnLoadAttributes (116ms)
				ProcessInitializeOnLoadMethodAttributes (42ms)
				AfterProcessingInitializeOnLoad (1ms)
				EditorAssembliesLoaded (0ms)
			ExecutionOrderSort2 (0ms)
			AwakeInstancesAfterBackupRestoration (9ms)
Platform modules already initialized, skipping
Failed to load shader (instanceID 474, GUID 0f4122b9a743b744abe2fb6a0a88868b)
Failed to load shader (instanceID 548, GUID a16365e8c873daa4c94919438490b905)
Failed to load shader (instanceID 458, GUID 5caf62d8bd7c44596ace77ef9eb8ea31)
Failed to load shader (instanceID 550, GUID 9c442dc870b456e48b615cd8add0e9ef)
Failed to load shader (instanceID 552, GUID 77cfa04f893eb8745b6a454a3d51b43c)
Failed to load shader (instanceID 554, GUID 0d0f817524897904ba47a6a1d55e7668)
Failed to load shader (instanceID 480, GUID 69c1f799e772cb6438f56c23efccb782)
Failed to load shader (instanceID 460, GUID da07703fcc09f8d4799221050659bd55)
Failed to load shader (instanceID 556, GUID 2df96b66b5510f94b98df2ac6f926ef4)
Failed to load shader (instanceID 456, GUID 50b406436c6214c49aaaa6011b71dde8)
Failed to load shader (instanceID 558, GUID 4386e57b23a56004c93e1d57d2bbcb4f)
Failed to load shader (instanceID 560, GUID 95e15a77195eb574ab82aaac18b1c796)
Shader 'SyntyStudios/Prototype_Global_URP': fallback shader 'Hidden/Shader Graph/FallbackError' not found
Shader 'SyntyStudios/Prototype_Glass_Object_URP': fallback shader 'Hidden/Shader Graph/FallbackError' not found
Refreshing native plugins compatible for Editor in 1.40 ms, found 2 plugins.
Preloading 0 native plugins for Editor in 0.00 ms.
Unloading 4597 Unused Serialized files (Serialized files now loaded: 0)
Unloading 23 unused Assets / (434.1 KB). Loaded Objects now: 5255.
Memory consumption went from 190.1 MB to 189.6 MB.
Total: 2.367500 ms (FindLiveObjects: 0.138917 ms CreateObjectMapping: 0.058375 ms MarkObjects: 2.018375 ms  DeleteObjects: 0.150833 ms)

AssetImportParameters requested are different than current active one (requested -> active):
  custom:video-decoder-ogg-theora: a1e56fd34408186e4bbccfd4996cb3dc -> 
  custom:container-muxer-webm: aa71ff27fc2769a1b78a27578f13a17b -> 
  custom:container-demuxer-webm: 4f35f7cbe854078d1ac9338744f61a02 -> 
  custom:video-encoder-webm-vp8: eb34c28f22e8b96e1ab97ce403110664 -> 
  custom:framework-osx-AVFoundation: e770b220cccbd017edd2c1fefb359320 -> 
  custom:audio-encoder-webm-vorbis: bf7c407c2cedff20999df2af8eb42d56 -> 
  custom:container-demuxer-ogg: 62fdf1f143b41e24485cea50d1cbac27 -> 
  custom:video-decoder-webm-vp8: 9c59270c3fd7afecdb556c50c9e8de78 -> 
  custom:audio-decoder-ogg-vorbis: bf7c407c2cedff20999df2af8eb42d56 -> 
========================================================================
Received Prepare
Registering precompiled user dll's ...
Registered in 0.001971 seconds.
Begin MonoManager ReloadAssembly
Thread 0x17f58b000 may have been prematurely finalized
Symbol file LoadedFromMemory doesn't match image /Users/ishma/Project_Panopticon_Demo/Library/PackageCache/com.unity.visualscripting@1.8.0/Editor/VisualScripting.Core/Dependencies/YamlDotNet/Unity.VisualScripting.YamlDotNet.dll
Symbol file LoadedFromMemory doesn't match image /Users/ishma/Project_Panopticon_Demo/Library/PackageCache/com.unity.visualscripting@1.8.0/Editor/VisualScripting.Core/Dependencies/DotNetZip/Unity.VisualScripting.IonicZip.dll
Shader 'Universal Render Pipeline/Autodesk Interactive/AutodeskInteractive': fallback shader 'Hidden/Shader Graph/FallbackError' not found
Shader 'Universal Render Pipeline/Autodesk Interactive/AutodeskInteractiveTransparent': fallback shader 'Hidden/Shader Graph/FallbackError' not found
Shader 'Universal Render Pipeline/Autodesk Interactive/AutodeskInteractiveMasked': fallback shader 'Hidden/Shader Graph/FallbackError' not found
Shader 'Shader Graphs/Decal': fallback shader 'Hidden/Shader Graph/FallbackError' not found
Native extension for WindowsStandalone target not found
Native extension for iOS target not found
Native extension for Android target not found
Native extension for OSXStandalone target not found
Refreshing native plugins compatible for Editor in 0.75 ms, found 2 plugins.
Preloading 0 native plugins for Editor in 0.00 ms.
Mono: successfully reloaded assembly
- Completed reload, in  0.634 seconds
Domain Reload Profiling:
	ReloadAssembly (635ms)
		BeginReloadAssembly (80ms)
			ExecutionOrderSort (0ms)
			DisableScriptedObjects (3ms)
			BackupInstance (0ms)
			ReleaseScriptingObjects (0ms)
			CreateAndSetChildDomain (30ms)
		EndReloadAssembly (503ms)
			LoadAssemblies (37ms)
			RebuildTransferFunctionScriptingTraits (0ms)
			SetupTypeCache (159ms)
			ReleaseScriptCaches (1ms)
			RebuildScriptCaches (30ms)
			SetupLoadedEditorAssemblies (222ms)
				LogAssemblyErrors (0ms)
				InitializePlatformSupportModulesInManaged (17ms)
				SetLoadedEditorAssemblies (0ms)
				RefreshPlugins (1ms)
				BeforeProcessingInitializeOnLoad (43ms)
				ProcessInitializeOnLoadAttributes (117ms)
				ProcessInitializeOnLoadMethodAttributes (42ms)
				AfterProcessingInitializeOnLoad (1ms)
				EditorAssembliesLoaded (0ms)
			ExecutionOrderSort2 (0ms)
			AwakeInstancesAfterBackupRestoration (9ms)
Platform modules already initialized, skipping
Failed to load shader (instanceID 474, GUID 0f4122b9a743b744abe2fb6a0a88868b)
Failed to load shader (instanceID 548, GUID a16365e8c873daa4c94919438490b905)
Failed to load shader (instanceID 458, GUID 5caf62d8bd7c44596ace77ef9eb8ea31)
Failed to load shader (instanceID 550, GUID 9c442dc870b456e48b615cd8add0e9ef)
Failed to load shader (instanceID 552, GUID 77cfa04f893eb8745b6a454a3d51b43c)
Failed to load shader (instanceID 554, GUID 0d0f817524897904ba47a6a1d55e7668)
Failed to load shader (instanceID 480, GUID 69c1f799e772cb6438f56c23efccb782)
Failed to load shader (instanceID 460, GUID da07703fcc09f8d4799221050659bd55)
Failed to load shader (instanceID 556, GUID 2df96b66b5510f94b98df2ac6f926ef4)
Failed to load shader (instanceID 456, GUID 50b406436c6214c49aaaa6011b71dde8)
Failed to load shader (instanceID 558, GUID 4386e57b23a56004c93e1d57d2bbcb4f)
Failed to load shader (instanceID 560, GUID 95e15a77195eb574ab82aaac18b1c796)
Shader 'SyntyStudios/Prototype_Global_URP': fallback shader 'Hidden/Shader Graph/FallbackError' not found
Shader 'SyntyStudios/Prototype_Glass_Object_URP': fallback shader 'Hidden/Shader Graph/FallbackError' not found
Refreshing native plugins compatible for Editor in 1.12 ms, found 2 plugins.
Preloading 0 native plugins for Editor in 0.00 ms.
Unloading 4597 Unused Serialized files (Serialized files now loaded: 0)
Unloading 23 unused Assets / (434.1 KB). Loaded Objects now: 5258.
Memory consumption went from 190.1 MB to 189.6 MB.
Total: 2.475250 ms (FindLiveObjects: 0.150792 ms CreateObjectMapping: 0.061708 ms MarkObjects: 2.014709 ms  DeleteObjects: 0.247000 ms)

AssetImportParameters requested are different than current active one (requested -> active):
  custom:video-decoder-ogg-theora: a1e56fd34408186e4bbccfd4996cb3dc -> 
  custom:container-muxer-webm: aa71ff27fc2769a1b78a27578f13a17b -> 
  custom:container-demuxer-webm: 4f35f7cbe854078d1ac9338744f61a02 -> 
  custom:video-encoder-webm-vp8: eb34c28f22e8b96e1ab97ce403110664 -> 
  custom:framework-osx-AVFoundation: e770b220cccbd017edd2c1fefb359320 -> 
  custom:audio-encoder-webm-vorbis: bf7c407c2cedff20999df2af8eb42d56 -> 
  custom:container-demuxer-ogg: 62fdf1f143b41e24485cea50d1cbac27 -> 
  custom:video-decoder-webm-vp8: 9c59270c3fd7afecdb556c50c9e8de78 -> 
  custom:audio-decoder-ogg-vorbis: bf7c407c2cedff20999df2af8eb42d56 -> 
========================================================================
Received Prepare
Registering precompiled user dll's ...
Registered in 0.001898 seconds.
Begin MonoManager ReloadAssembly
Thread 0x17f58b000 may have been prematurely finalized
Symbol file LoadedFromMemory doesn't match image /Users/ishma/Project_Panopticon_Demo/Library/PackageCache/com.unity.visualscripting@1.8.0/Editor/VisualScripting.Core/Dependencies/YamlDotNet/Unity.VisualScripting.YamlDotNet.dll
Symbol file LoadedFromMemory doesn't match image /Users/ishma/Project_Panopticon_Demo/Library/PackageCache/com.unity.visualscripting@1.8.0/Editor/VisualScripting.Core/Dependencies/DotNetZip/Unity.VisualScripting.IonicZip.dll
Shader 'Universal Render Pipeline/Autodesk Interactive/AutodeskInteractive': fallback shader 'Hidden/Shader Graph/FallbackError' not found
Shader 'Universal Render Pipeline/Autodesk Interactive/AutodeskInteractiveTransparent': fallback shader 'Hidden/Shader Graph/FallbackError' not found
Shader 'Universal Render Pipeline/Autodesk Interactive/AutodeskInteractiveMasked': fallback shader 'Hidden/Shader Graph/FallbackError' not found
Shader 'Shader Graphs/Decal': fallback shader 'Hidden/Shader Graph/FallbackError' not found
Native extension for WindowsStandalone target not found
Native extension for iOS target not found
Native extension for Android target not found
Native extension for OSXStandalone target not found
Refreshing native plugins compatible for Editor in 0.83 ms, found 2 plugins.
Preloading 0 native plugins for Editor in 0.00 ms.
Mono: successfully reloaded assembly
- Completed reload, in  0.640 seconds
Domain Reload Profiling:
	ReloadAssembly (640ms)
		BeginReloadAssembly (78ms)
			ExecutionOrderSort (0ms)
			DisableScriptedObjects (3ms)
			BackupInstance (0ms)
			ReleaseScriptingObjects (0ms)
			CreateAndSetChildDomain (29ms)
		EndReloadAssembly (510ms)
			LoadAssemblies (39ms)
			RebuildTransferFunctionScriptingTraits (0ms)
			SetupTypeCache (163ms)
			ReleaseScriptCaches (1ms)
			RebuildScriptCaches (31ms)
			SetupLoadedEditorAssemblies (220ms)
				LogAssemblyErrors (0ms)
				InitializePlatformSupportModulesInManaged (16ms)
				SetLoadedEditorAssemblies (0ms)
				RefreshPlugins (1ms)
				BeforeProcessingInitializeOnLoad (42ms)
				ProcessInitializeOnLoadAttributes (116ms)
				ProcessInitializeOnLoadMethodAttributes (43ms)
				AfterProcessingInitializeOnLoad (1ms)
				EditorAssembliesLoaded (0ms)
			ExecutionOrderSort2 (0ms)
			AwakeInstancesAfterBackupRestoration (9ms)
Platform modules already initialized, skipping
Failed to load shader (instanceID 474, GUID 0f4122b9a743b744abe2fb6a0a88868b)
Failed to load shader (instanceID 548, GUID a16365e8c873daa4c94919438490b905)
Failed to load shader (instanceID 458, GUID 5caf62d8bd7c44596ace77ef9eb8ea31)
Failed to load shader (instanceID 550, GUID 9c442dc870b456e48b615cd8add0e9ef)
Failed to load shader (instanceID 552, GUID 77cfa04f893eb8745b6a454a3d51b43c)
Failed to load shader (instanceID 554, GUID 0d0f817524897904ba47a6a1d55e7668)
Failed to load shader (instanceID 480, GUID 69c1f799e772cb6438f56c23efccb782)
Failed to load shader (instanceID 460, GUID da07703fcc09f8d4799221050659bd55)
Failed to load shader (instanceID 556, GUID 2df96b66b5510f94b98df2ac6f926ef4)
Failed to load shader (instanceID 456, GUID 50b406436c6214c49aaaa6011b71dde8)
Failed to load shader (instanceID 558, GUID 4386e57b23a56004c93e1d57d2bbcb4f)
Failed to load shader (instanceID 560, GUID 95e15a77195eb574ab82aaac18b1c796)
Shader 'SyntyStudios/Prototype_Global_URP': fallback shader 'Hidden/Shader Graph/FallbackError' not found
Shader 'SyntyStudios/Prototype_Glass_Object_URP': fallback shader 'Hidden/Shader Graph/FallbackError' not found
Refreshing native plugins compatible for Editor in 1.19 ms, found 2 plugins.
Preloading 0 native plugins for Editor in 0.00 ms.
Unloading 4597 Unused Serialized files (Serialized files now loaded: 0)
Unloading 23 unused Assets / (434.1 KB). Loaded Objects now: 5261.
Memory consumption went from 190.1 MB to 189.7 MB.
Total: 2.376916 ms (FindLiveObjects: 0.137458 ms CreateObjectMapping: 0.057583 ms MarkObjects: 2.028584 ms  DeleteObjects: 0.152333 ms)

AssetImportParameters requested are different than current active one (requested -> active):
  custom:video-decoder-ogg-theora: a1e56fd34408186e4bbccfd4996cb3dc -> 
  custom:container-muxer-webm: aa71ff27fc2769a1b78a27578f13a17b -> 
  custom:container-demuxer-webm: 4f35f7cbe854078d1ac9338744f61a02 -> 
  custom:video-encoder-webm-vp8: eb34c28f22e8b96e1ab97ce403110664 -> 
  custom:framework-osx-AVFoundation: e770b220cccbd017edd2c1fefb359320 -> 
  custom:audio-encoder-webm-vorbis: bf7c407c2cedff20999df2af8eb42d56 -> 
  custom:container-demuxer-ogg: 62fdf1f143b41e24485cea50d1cbac27 -> 
  custom:video-decoder-webm-vp8: 9c59270c3fd7afecdb556c50c9e8de78 -> 
  custom:audio-decoder-ogg-vorbis: bf7c407c2cedff20999df2af8eb42d56 -> 
========================================================================
Received Prepare
Registering precompiled user dll's ...
Registered in 0.001492 seconds.
Begin MonoManager ReloadAssembly
Thread 0x17f58b000 may have been prematurely finalized
Symbol file LoadedFromMemory doesn't match image /Users/ishma/Project_Panopticon_Demo/Library/PackageCache/com.unity.visualscripting@1.8.0/Editor/VisualScripting.Core/Dependencies/YamlDotNet/Unity.VisualScripting.YamlDotNet.dll
Symbol file LoadedFromMemory doesn't match image /Users/ishma/Project_Panopticon_Demo/Library/PackageCache/com.unity.visualscripting@1.8.0/Editor/VisualScripting.Core/Dependencies/DotNetZip/Unity.VisualScripting.IonicZip.dll
Shader 'Universal Render Pipeline/Autodesk Interactive/AutodeskInteractive': fallback shader 'Hidden/Shader Graph/FallbackError' not found
Shader 'Universal Render Pipeline/Autodesk Interactive/AutodeskInteractiveTransparent': fallback shader 'Hidden/Shader Graph/FallbackError' not found
Shader 'Universal Render Pipeline/Autodesk Interactive/AutodeskInteractiveMasked': fallback shader 'Hidden/Shader Graph/FallbackError' not found
Shader 'Shader Graphs/Decal': fallback shader 'Hidden/Shader Graph/FallbackError' not found
Native extension for WindowsStandalone target not found
Native extension for iOS target not found
Native extension for Android target not found
Native extension for OSXStandalone target not found
Refreshing native plugins compatible for Editor in 0.74 ms, found 2 plugins.
Preloading 0 native plugins for Editor in 0.00 ms.
Mono: successfully reloaded assembly
- Completed reload, in  0.631 seconds
Domain Reload Profiling:
	ReloadAssembly (631ms)
		BeginReloadAssembly (79ms)
			ExecutionOrderSort (0ms)
			DisableScriptedObjects (3ms)
			BackupInstance (0ms)
			ReleaseScriptingObjects (0ms)
			CreateAndSetChildDomain (30ms)
		EndReloadAssembly (502ms)
			LoadAssemblies (35ms)
			RebuildTransferFunctionScriptingTraits (0ms)
			SetupTypeCache (160ms)
			ReleaseScriptCaches (1ms)
			RebuildScriptCaches (30ms)
			SetupLoadedEditorAssemblies (222ms)
				LogAssemblyErrors (0ms)
				InitializePlatformSupportModulesInManaged (16ms)
				SetLoadedEditorAssemblies (0ms)
				RefreshPlugins (1ms)
				BeforeProcessingInitializeOnLoad (43ms)
				ProcessInitializeOnLoadAttributes (118ms)
				ProcessInitializeOnLoadMethodAttributes (42ms)
				AfterProcessingInitializeOnLoad (1ms)
				EditorAssembliesLoaded (0ms)
			ExecutionOrderSort2 (0ms)
			AwakeInstancesAfterBackupRestoration (9ms)
Platform modules already initialized, skipping
Failed to load shader (instanceID 474, GUID 0f4122b9a743b744abe2fb6a0a88868b)
Failed to load shader (instanceID 548, GUID a16365e8c873daa4c94919438490b905)
Failed to load shader (instanceID 458, GUID 5caf62d8bd7c44596ace77ef9eb8ea31)
Failed to load shader (instanceID 550, GUID 9c442dc870b456e48b615cd8add0e9ef)
Failed to load shader (instanceID 552, GUID 77cfa04f893eb8745b6a454a3d51b43c)
Failed to load shader (instanceID 554, GUID 0d0f817524897904ba47a6a1d55e7668)
Failed to load shader (instanceID 480, GUID 69c1f799e772cb6438f56c23efccb782)
Failed to load shader (instanceID 460, GUID da07703fcc09f8d4799221050659bd55)
Failed to load shader (instanceID 556, GUID 2df96b66b5510f94b98df2ac6f926ef4)
Failed to load shader (instanceID 456, GUID 50b406436c6214c49aaaa6011b71dde8)
Failed to load shader (instanceID 558, GUID 4386e57b23a56004c93e1d57d2bbcb4f)
Failed to load shader (instanceID 560, GUID 95e15a77195eb574ab82aaac18b1c796)
Shader 'SyntyStudios/Prototype_Global_URP': fallback shader 'Hidden/Shader Graph/FallbackError' not found
Shader 'SyntyStudios/Prototype_Glass_Object_URP': fallback shader 'Hidden/Shader Graph/FallbackError' not found
Refreshing native plugins compatible for Editor in 1.14 ms, found 2 plugins.
Preloading 0 native plugins for Editor in 0.00 ms.
Unloading 4597 Unused Serialized files (Serialized files now loaded: 0)
Unloading 23 unused Assets / (434.1 KB). Loaded Objects now: 5264.
Memory consumption went from 190.1 MB to 189.7 MB.
Total: 2.415042 ms (FindLiveObjects: 0.153625 ms CreateObjectMapping: 0.073583 ms MarkObjects: 2.045458 ms  DeleteObjects: 0.141500 ms)

AssetImportParameters requested are different than current active one (requested -> active):
  custom:video-decoder-ogg-theora: a1e56fd34408186e4bbccfd4996cb3dc -> 
  custom:container-muxer-webm: aa71ff27fc2769a1b78a27578f13a17b -> 
  custom:container-demuxer-webm: 4f35f7cbe854078d1ac9338744f61a02 -> 
  custom:video-encoder-webm-vp8: eb34c28f22e8b96e1ab97ce403110664 -> 
  custom:framework-osx-AVFoundation: e770b220cccbd017edd2c1fefb359320 -> 
  custom:audio-encoder-webm-vorbis: bf7c407c2cedff20999df2af8eb42d56 -> 
  custom:container-demuxer-ogg: 62fdf1f143b41e24485cea50d1cbac27 -> 
  custom:video-decoder-webm-vp8: 9c59270c3fd7afecdb556c50c9e8de78 -> 
  custom:audio-decoder-ogg-vorbis: bf7c407c2cedff20999df2af8eb42d56 -> 
